#2.0#2023 05 15 10:14:29.269#Z#DEBUG#com.sap.cloud.lm.sl.xs2.24c10d35-f309-11ed-bbb3-eeee0a8f47f4.cap-library-app-srv.stageAppTask#
######org.cloudfoundry.multiapps.controller.persistence.services.ProcessLogger########flowable-async-job-executor-thread-5686###
[PollStageAppStatusExecution] [cap-library-app-srv] a516dfb2-39ed-474d-b6b9-1dc3d6058009 [2023-05-15T10:13:44.543529] Added process: "web" (STDOUT, API)#

#2.0#2023 05 15 10:14:29.269#Z#DEBUG#com.sap.cloud.lm.sl.xs2.24c10d35-f309-11ed-bbb3-eeee0a8f47f4.cap-library-app-srv.stageAppTask#
######org.cloudfoundry.multiapps.controller.persistence.services.ProcessLogger########flowable-async-job-executor-thread-5686###
[PollStageAppStatusExecution] [cap-library-app-srv] a516dfb2-39ed-474d-b6b9-1dc3d6058009 [2023-05-15T10:13:44.570584] Created app with guid a516dfb2-39ed-474d-b6b9-1dc3d6058009 (STDOUT, API)#

#2.0#2023 05 15 10:14:29.269#Z#DEBUG#com.sap.cloud.lm.sl.xs2.24c10d35-f309-11ed-bbb3-eeee0a8f47f4.cap-library-app-srv.stageAppTask#
######org.cloudfoundry.multiapps.controller.persistence.services.ProcessLogger########flowable-async-job-executor-thread-5686###
[PollStageAppStatusExecution] [cap-library-app-srv] a516dfb2-39ed-474d-b6b9-1dc3d6058009 [2023-05-15T10:13:44.781457] Updating process: "web" (STDOUT, API)#

#2.0#2023 05 15 10:14:29.269#Z#DEBUG#com.sap.cloud.lm.sl.xs2.24c10d35-f309-11ed-bbb3-eeee0a8f47f4.cap-library-app-srv.stageAppTask#
######org.cloudfoundry.multiapps.controller.persistence.services.ProcessLogger########flowable-async-job-executor-thread-5686###
[PollStageAppStatusExecution] [cap-library-app-srv] a516dfb2-39ed-474d-b6b9-1dc3d6058009 [2023-05-15T10:13:44.984867] Scaling process: "web" (STDOUT, API)#

#2.0#2023 05 15 10:14:29.269#Z#DEBUG#com.sap.cloud.lm.sl.xs2.24c10d35-f309-11ed-bbb3-eeee0a8f47f4.cap-library-app-srv.stageAppTask#
######org.cloudfoundry.multiapps.controller.persistence.services.ProcessLogger########flowable-async-job-executor-thread-5686###
[PollStageAppStatusExecution] [cap-library-app-srv] a516dfb2-39ed-474d-b6b9-1dc3d6058009 [2023-05-15T10:13:46.859252] Updated app with guid a516dfb2-39ed-474d-b6b9-1dc3d6058009 ({"environment_variables"=>"[PRIVATE DATA HIDDEN]"}) (STDOUT, API)#

#2.0#2023 05 15 10:14:29.269#Z#DEBUG#com.sap.cloud.lm.sl.xs2.24c10d35-f309-11ed-bbb3-eeee0a8f47f4.cap-library-app-srv.stageAppTask#
######org.cloudfoundry.multiapps.controller.persistence.services.ProcessLogger########flowable-async-job-executor-thread-5686###
[PollStageAppStatusExecution] [cap-library-app-srv] a516dfb2-39ed-474d-b6b9-1dc3d6058009 [2023-05-15T10:14:03.267662] Uploading app package for app with guid a516dfb2-39ed-474d-b6b9-1dc3d6058009 (STDOUT, API)#

#2.0#2023 05 15 10:14:29.269#Z#DEBUG#com.sap.cloud.lm.sl.xs2.24c10d35-f309-11ed-bbb3-eeee0a8f47f4.cap-library-app-srv.stageAppTask#
######org.cloudfoundry.multiapps.controller.persistence.services.ProcessLogger########flowable-async-job-executor-thread-5686###
[PollStageAppStatusExecution] [cap-library-app-srv] a516dfb2-39ed-474d-b6b9-1dc3d6058009 [2023-05-15T10:14:04.192319] Updated app with guid a516dfb2-39ed-474d-b6b9-1dc3d6058009 ({"environment_variables"=>"[PRIVATE DATA HIDDEN]"}) (STDOUT, API)#

#2.0#2023 05 15 10:14:29.269#Z#DEBUG#com.sap.cloud.lm.sl.xs2.24c10d35-f309-11ed-bbb3-eeee0a8f47f4.cap-library-app-srv.stageAppTask#
######org.cloudfoundry.multiapps.controller.persistence.services.ProcessLogger########flowable-async-job-executor-thread-5686###
[PollStageAppStatusExecution] [cap-library-app-srv] a516dfb2-39ed-474d-b6b9-1dc3d6058009 [2023-05-15T10:14:19.532223] Creating build for app with guid a516dfb2-39ed-474d-b6b9-1dc3d6058009 (STDOUT, API)#

#2.0#2023 05 15 10:14:29.269#Z#DEBUG#com.sap.cloud.lm.sl.xs2.24c10d35-f309-11ed-bbb3-eeee0a8f47f4.cap-library-app-srv.stageAppTask#
######org.cloudfoundry.multiapps.controller.persistence.services.ProcessLogger########flowable-async-job-executor-thread-5686###
[PollStageAppStatusExecution] [cap-library-app-srv] a516dfb2-39ed-474d-b6b9-1dc3d6058009 [2023-05-15T10:14:20.416684] Downloading nodejs_buildpack... (STDOUT, STG)#

#2.0#2023 05 15 10:14:29.269#Z#DEBUG#com.sap.cloud.lm.sl.xs2.24c10d35-f309-11ed-bbb3-eeee0a8f47f4.cap-library-app-srv.stageAppTask#
######org.cloudfoundry.multiapps.controller.persistence.services.ProcessLogger########flowable-async-job-executor-thread-5686###
[PollStageAppStatusExecution] [cap-library-app-srv] a516dfb2-39ed-474d-b6b9-1dc3d6058009 [2023-05-15T10:14:20.452723] Downloaded nodejs_buildpack (STDOUT, STG)#

#2.0#2023 05 15 10:14:29.269#Z#DEBUG#com.sap.cloud.lm.sl.xs2.24c10d35-f309-11ed-bbb3-eeee0a8f47f4.cap-library-app-srv.stageAppTask#
######org.cloudfoundry.multiapps.controller.persistence.services.ProcessLogger########flowable-async-job-executor-thread-5686###
[PollStageAppStatusExecution] [cap-library-app-srv] a516dfb2-39ed-474d-b6b9-1dc3d6058009 [2023-05-15T10:14:20.452762] Cell e9aa27aa-5635-4e65-b14a-0ae5b04d7d5f creating container for instance 1d388466-185b-4c83-b60f-560476a1494e (STDOUT, STG)#

#2.0#2023 05 15 10:14:29.269#Z#DEBUG#com.sap.cloud.lm.sl.xs2.24c10d35-f309-11ed-bbb3-eeee0a8f47f4.cap-library-app-srv.stageAppTask#
######org.cloudfoundry.multiapps.controller.persistence.services.ProcessLogger########flowable-async-job-executor-thread-5686###
[PollStageAppStatusExecution] [cap-library-app-srv] a516dfb2-39ed-474d-b6b9-1dc3d6058009 [2023-05-15T10:14:20.733763] Security group rules were updated (STDOUT, STG)#

#2.0#2023 05 15 10:14:29.269#Z#DEBUG#com.sap.cloud.lm.sl.xs2.24c10d35-f309-11ed-bbb3-eeee0a8f47f4.cap-library-app-srv.stageAppTask#
######org.cloudfoundry.multiapps.controller.persistence.services.ProcessLogger########flowable-async-job-executor-thread-5686###
[PollStageAppStatusExecution] [cap-library-app-srv] a516dfb2-39ed-474d-b6b9-1dc3d6058009 [2023-05-15T10:14:20.745192] Cell e9aa27aa-5635-4e65-b14a-0ae5b04d7d5f successfully created container for instance 1d388466-185b-4c83-b60f-560476a1494e (STDOUT, STG)#

#2.0#2023 05 15 10:14:29.269#Z#DEBUG#com.sap.cloud.lm.sl.xs2.24c10d35-f309-11ed-bbb3-eeee0a8f47f4.cap-library-app-srv.stageAppTask#
######org.cloudfoundry.multiapps.controller.persistence.services.ProcessLogger########flowable-async-job-executor-thread-5686###
[PollStageAppStatusExecution] [cap-library-app-srv] a516dfb2-39ed-474d-b6b9-1dc3d6058009 [2023-05-15T10:14:20.999400] Downloading app package... (STDOUT, STG)#

#2.0#2023 05 15 10:14:29.269#Z#DEBUG#com.sap.cloud.lm.sl.xs2.24c10d35-f309-11ed-bbb3-eeee0a8f47f4.cap-library-app-srv.stageAppTask#
######org.cloudfoundry.multiapps.controller.persistence.services.ProcessLogger########flowable-async-job-executor-thread-5686###
[PollStageAppStatusExecution] [cap-library-app-srv] a516dfb2-39ed-474d-b6b9-1dc3d6058009 [2023-05-15T10:14:21.354165] Downloaded app package (3.7M) (STDOUT, STG)#

#2.0#2023 05 15 10:14:29.269#Z#DEBUG#com.sap.cloud.lm.sl.xs2.24c10d35-f309-11ed-bbb3-eeee0a8f47f4.cap-library-app-srv.stageAppTask#
######org.cloudfoundry.multiapps.controller.persistence.services.ProcessLogger########flowable-async-job-executor-thread-5686###
[PollStageAppStatusExecution] [cap-library-app-srv] a516dfb2-39ed-474d-b6b9-1dc3d6058009 [2023-05-15T10:14:21.451790] -----> Nodejs Buildpack version 1.8.5 (STDOUT, STG)#

#2.0#2023 05 15 10:14:29.269#Z#DEBUG#com.sap.cloud.lm.sl.xs2.24c10d35-f309-11ed-bbb3-eeee0a8f47f4.cap-library-app-srv.stageAppTask#
######org.cloudfoundry.multiapps.controller.persistence.services.ProcessLogger########flowable-async-job-executor-thread-5686###
[PollStageAppStatusExecution] [cap-library-app-srv] a516dfb2-39ed-474d-b6b9-1dc3d6058009 [2023-05-15T10:14:21.572044] -----> Installing binaries (STDOUT, STG)#

#2.0#2023 05 15 10:14:29.269#Z#DEBUG#com.sap.cloud.lm.sl.xs2.24c10d35-f309-11ed-bbb3-eeee0a8f47f4.cap-library-app-srv.stageAppTask#
######org.cloudfoundry.multiapps.controller.persistence.services.ProcessLogger########flowable-async-job-executor-thread-5686###
[PollStageAppStatusExecution] [cap-library-app-srv] a516dfb2-39ed-474d-b6b9-1dc3d6058009 [2023-05-15T10:14:21.572086] engines.node (package.json): unspecified (STDOUT, STG)#

#2.0#2023 05 15 10:14:29.269#Z#DEBUG#com.sap.cloud.lm.sl.xs2.24c10d35-f309-11ed-bbb3-eeee0a8f47f4.cap-library-app-srv.stageAppTask#
######org.cloudfoundry.multiapps.controller.persistence.services.ProcessLogger########flowable-async-job-executor-thread-5686###
[PollStageAppStatusExecution] [cap-library-app-srv] a516dfb2-39ed-474d-b6b9-1dc3d6058009 [2023-05-15T10:14:21.572095] engines.npm (package.json): unspecified (use default) (STDOUT, STG)#

#2.0#2023 05 15 10:14:29.269#Z#DEBUG#com.sap.cloud.lm.sl.xs2.24c10d35-f309-11ed-bbb3-eeee0a8f47f4.cap-library-app-srv.stageAppTask#
######org.cloudfoundry.multiapps.controller.persistence.services.ProcessLogger########flowable-async-job-executor-thread-5686###
[PollStageAppStatusExecution] [cap-library-app-srv] a516dfb2-39ed-474d-b6b9-1dc3d6058009 [2023-05-15T10:14:21.572137] [31;1m**WARNING**[0m Node version not specified in package.json or .nvmrc. See: http://docs.cloudfoundry.org/buildpacks/node/node-tips.html (STDOUT, STG)#

#2.0#2023 05 15 10:14:29.269#Z#DEBUG#com.sap.cloud.lm.sl.xs2.24c10d35-f309-11ed-bbb3-eeee0a8f47f4.cap-library-app-srv.stageAppTask#
######org.cloudfoundry.multiapps.controller.persistence.services.ProcessLogger########flowable-async-job-executor-thread-5686###
[PollStageAppStatusExecution] [cap-library-app-srv] a516dfb2-39ed-474d-b6b9-1dc3d6058009 [2023-05-15T10:14:21.572166] -----> Installing node 18.13.0 (STDOUT, STG)#

#2.0#2023 05 15 10:14:29.269#Z#DEBUG#com.sap.cloud.lm.sl.xs2.24c10d35-f309-11ed-bbb3-eeee0a8f47f4.cap-library-app-srv.stageAppTask#
######org.cloudfoundry.multiapps.controller.persistence.services.ProcessLogger########flowable-async-job-executor-thread-5686###
[PollStageAppStatusExecution] [cap-library-app-srv] a516dfb2-39ed-474d-b6b9-1dc3d6058009 [2023-05-15T10:14:21.572239] Copy [/tmp/buildpacks/7a5f3076cc1727d8c08c14c92a6d05d5/dependencies/8ad0c471947b2e7bf786f8132d7fd8b9/node_18.13.0_linux_x64_cflinuxfs4_f644eda2.tgz] (STDOUT, STG)#

#2.0#2023 05 15 10:14:29.269#Z#DEBUG#com.sap.cloud.lm.sl.xs2.24c10d35-f309-11ed-bbb3-eeee0a8f47f4.cap-library-app-srv.stageAppTask#
######org.cloudfoundry.multiapps.controller.persistence.services.ProcessLogger########flowable-async-job-executor-thread-5686###
[PollStageAppStatusExecution] [cap-library-app-srv] a516dfb2-39ed-474d-b6b9-1dc3d6058009 [2023-05-15T10:14:23.386669] Using default npm version: 8.19.3 (STDOUT, STG)#

#2.0#2023 05 15 10:14:29.269#Z#DEBUG#com.sap.cloud.lm.sl.xs2.24c10d35-f309-11ed-bbb3-eeee0a8f47f4.cap-library-app-srv.stageAppTask#
######org.cloudfoundry.multiapps.controller.persistence.services.ProcessLogger########flowable-async-job-executor-thread-5686###
[PollStageAppStatusExecution] [cap-library-app-srv] a516dfb2-39ed-474d-b6b9-1dc3d6058009 [2023-05-15T10:14:23.386689] -----> Installing yarn 1.22.19 (STDOUT, STG)#

#2.0#2023 05 15 10:14:29.269#Z#DEBUG#com.sap.cloud.lm.sl.xs2.24c10d35-f309-11ed-bbb3-eeee0a8f47f4.cap-library-app-srv.stageAppTask#
######org.cloudfoundry.multiapps.controller.persistence.services.ProcessLogger########flowable-async-job-executor-thread-5686###
[PollStageAppStatusExecution] [cap-library-app-srv] a516dfb2-39ed-474d-b6b9-1dc3d6058009 [2023-05-15T10:14:23.386695] Copy [/tmp/buildpacks/7a5f3076cc1727d8c08c14c92a6d05d5/dependencies/0f06052381cbcef1593bd279ca3d9458/yarn_1.22.19_linux_noarch_any-stack_32d0e82e.tgz] (STDOUT, STG)#

#2.0#2023 05 15 10:14:29.269#Z#DEBUG#com.sap.cloud.lm.sl.xs2.24c10d35-f309-11ed-bbb3-eeee0a8f47f4.cap-library-app-srv.stageAppTask#
######org.cloudfoundry.multiapps.controller.persistence.services.ProcessLogger########flowable-async-job-executor-thread-5686###
[PollStageAppStatusExecution] [cap-library-app-srv] a516dfb2-39ed-474d-b6b9-1dc3d6058009 [2023-05-15T10:14:23.697079] Installed yarn 1.22.19 (STDOUT, STG)#

#2.0#2023 05 15 10:14:29.269#Z#DEBUG#com.sap.cloud.lm.sl.xs2.24c10d35-f309-11ed-bbb3-eeee0a8f47f4.cap-library-app-srv.stageAppTask#
######org.cloudfoundry.multiapps.controller.persistence.services.ProcessLogger########flowable-async-job-executor-thread-5686###
[PollStageAppStatusExecution] [cap-library-app-srv] a516dfb2-39ed-474d-b6b9-1dc3d6058009 [2023-05-15T10:14:23.697091] -----> Creating runtime environment (STDOUT, STG)#

#2.0#2023 05 15 10:14:29.269#Z#DEBUG#com.sap.cloud.lm.sl.xs2.24c10d35-f309-11ed-bbb3-eeee0a8f47f4.cap-library-app-srv.stageAppTask#
######org.cloudfoundry.multiapps.controller.persistence.services.ProcessLogger########flowable-async-job-executor-thread-5686###
[PollStageAppStatusExecution] [cap-library-app-srv] a516dfb2-39ed-474d-b6b9-1dc3d6058009 [2023-05-15T10:14:23.698374] NODE_ENV=production (STDOUT, STG)#

#2.0#2023 05 15 10:14:29.269#Z#DEBUG#com.sap.cloud.lm.sl.xs2.24c10d35-f309-11ed-bbb3-eeee0a8f47f4.cap-library-app-srv.stageAppTask#
######org.cloudfoundry.multiapps.controller.persistence.services.ProcessLogger########flowable-async-job-executor-thread-5686###
[PollStageAppStatusExecution] [cap-library-app-srv] a516dfb2-39ed-474d-b6b9-1dc3d6058009 [2023-05-15T10:14:23.698384] NODE_HOME=/tmp/contents2885566109/deps/0/node (STDOUT, STG)#

#2.0#2023 05 15 10:14:29.269#Z#DEBUG#com.sap.cloud.lm.sl.xs2.24c10d35-f309-11ed-bbb3-eeee0a8f47f4.cap-library-app-srv.stageAppTask#
######org.cloudfoundry.multiapps.controller.persistence.services.ProcessLogger########flowable-async-job-executor-thread-5686###
[PollStageAppStatusExecution] [cap-library-app-srv] a516dfb2-39ed-474d-b6b9-1dc3d6058009 [2023-05-15T10:14:23.698386] NODE_MODULES_CACHE=true (STDOUT, STG)#

#2.0#2023 05 15 10:14:29.269#Z#DEBUG#com.sap.cloud.lm.sl.xs2.24c10d35-f309-11ed-bbb3-eeee0a8f47f4.cap-library-app-srv.stageAppTask#
######org.cloudfoundry.multiapps.controller.persistence.services.ProcessLogger########flowable-async-job-executor-thread-5686###
[PollStageAppStatusExecution] [cap-library-app-srv] a516dfb2-39ed-474d-b6b9-1dc3d6058009 [2023-05-15T10:14:23.698389] NODE_VERBOSE=false (STDOUT, STG)#

#2.0#2023 05 15 10:14:29.269#Z#DEBUG#com.sap.cloud.lm.sl.xs2.24c10d35-f309-11ed-bbb3-eeee0a8f47f4.cap-library-app-srv.stageAppTask#
######org.cloudfoundry.multiapps.controller.persistence.services.ProcessLogger########flowable-async-job-executor-thread-5686###
[PollStageAppStatusExecution] [cap-library-app-srv] a516dfb2-39ed-474d-b6b9-1dc3d6058009 [2023-05-15T10:14:23.698391] NPM_CONFIG_LOGLEVEL=error (STDOUT, STG)#

#2.0#2023 05 15 10:14:29.269#Z#DEBUG#com.sap.cloud.lm.sl.xs2.24c10d35-f309-11ed-bbb3-eeee0a8f47f4.cap-library-app-srv.stageAppTask#
######org.cloudfoundry.multiapps.controller.persistence.services.ProcessLogger########flowable-async-job-executor-thread-5686###
[PollStageAppStatusExecution] [cap-library-app-srv] a516dfb2-39ed-474d-b6b9-1dc3d6058009 [2023-05-15T10:14:23.698394] NPM_CONFIG_PRODUCTION=true (STDOUT, STG)#

#2.0#2023 05 15 10:14:29.269#Z#DEBUG#com.sap.cloud.lm.sl.xs2.24c10d35-f309-11ed-bbb3-eeee0a8f47f4.cap-library-app-srv.stageAppTask#
######org.cloudfoundry.multiapps.controller.persistence.services.ProcessLogger########flowable-async-job-executor-thread-5686###
[PollStageAppStatusExecution] [cap-library-app-srv] a516dfb2-39ed-474d-b6b9-1dc3d6058009 [2023-05-15T10:14:23.698425] -----> Building dependencies (STDOUT, STG)#

#2.0#2023 05 15 10:14:29.269#Z#DEBUG#com.sap.cloud.lm.sl.xs2.24c10d35-f309-11ed-bbb3-eeee0a8f47f4.cap-library-app-srv.stageAppTask#
######org.cloudfoundry.multiapps.controller.persistence.services.ProcessLogger########flowable-async-job-executor-thread-5686###
[PollStageAppStatusExecution] [cap-library-app-srv] a516dfb2-39ed-474d-b6b9-1dc3d6058009 [2023-05-15T10:14:23.698427] Prebuild detected (node_modules already exists) (STDOUT, STG)#

#2.0#2023 05 15 10:14:29.269#Z#DEBUG#com.sap.cloud.lm.sl.xs2.24c10d35-f309-11ed-bbb3-eeee0a8f47f4.cap-library-app-srv.stageAppTask#
######org.cloudfoundry.multiapps.controller.persistence.services.ProcessLogger########flowable-async-job-executor-thread-5686###
[PollStageAppStatusExecution] [cap-library-app-srv] a516dfb2-39ed-474d-b6b9-1dc3d6058009 [2023-05-15T10:14:23.698431] Rebuilding any native modules (STDOUT, STG)#

#2.0#2023 05 15 10:14:29.269#Z#DEBUG#com.sap.cloud.lm.sl.xs2.24c10d35-f309-11ed-bbb3-eeee0a8f47f4.cap-library-app-srv.stageAppTask#
######org.cloudfoundry.multiapps.controller.persistence.services.ProcessLogger########flowable-async-job-executor-thread-5686###
[PollStageAppStatusExecution] [cap-library-app-srv] a516dfb2-39ed-474d-b6b9-1dc3d6058009 [2023-05-15T10:14:24.191757] rebuilt dependencies successfully (STDOUT, STG)#

#2.0#2023 05 15 10:14:29.269#Z#DEBUG#com.sap.cloud.lm.sl.xs2.24c10d35-f309-11ed-bbb3-eeee0a8f47f4.cap-library-app-srv.stageAppTask#
######org.cloudfoundry.multiapps.controller.persistence.services.ProcessLogger########flowable-async-job-executor-thread-5686###
[PollStageAppStatusExecution] [cap-library-app-srv] a516dfb2-39ed-474d-b6b9-1dc3d6058009 [2023-05-15T10:14:24.199286] Installing any new modules (package.json + package-lock.json) (STDOUT, STG)#

#2.0#2023 05 15 10:14:29.269#Z#DEBUG#com.sap.cloud.lm.sl.xs2.24c10d35-f309-11ed-bbb3-eeee0a8f47f4.cap-library-app-srv.stageAppTask#
######org.cloudfoundry.multiapps.controller.persistence.services.ProcessLogger########flowable-async-job-executor-thread-5686###
[PollStageAppStatusExecution] [cap-library-app-srv] a516dfb2-39ed-474d-b6b9-1dc3d6058009 [2023-05-15T10:14:24.835512] up to date in 382ms (STDOUT, STG)#

#2.0#2023 05 15 10:14:29.269#Z#DEBUG#com.sap.cloud.lm.sl.xs2.24c10d35-f309-11ed-bbb3-eeee0a8f47f4.cap-library-app-srv.stageAppTask#
######org.cloudfoundry.multiapps.controller.persistence.services.ProcessLogger########flowable-async-job-executor-thread-5686###
[PollStageAppStatusExecution] [cap-library-app-srv] a516dfb2-39ed-474d-b6b9-1dc3d6058009 [2023-05-15T10:14:24.835611] 8 packages are looking for funding (STDOUT, STG)#

#2.0#2023 05 15 10:14:29.269#Z#DEBUG#com.sap.cloud.lm.sl.xs2.24c10d35-f309-11ed-bbb3-eeee0a8f47f4.cap-library-app-srv.stageAppTask#
######org.cloudfoundry.multiapps.controller.persistence.services.ProcessLogger########flowable-async-job-executor-thread-5686###
[PollStageAppStatusExecution] [cap-library-app-srv] a516dfb2-39ed-474d-b6b9-1dc3d6058009 [2023-05-15T10:14:24.835626] run `npm fund` for details (STDOUT, STG)#

#2.0#2023 05 15 10:14:29.269#Z#DEBUG#com.sap.cloud.lm.sl.xs2.24c10d35-f309-11ed-bbb3-eeee0a8f47f4.cap-library-app-srv.stageAppTask#
######org.cloudfoundry.multiapps.controller.persistence.services.ProcessLogger########flowable-async-job-executor-thread-5686###
[PollStageAppStatusExecution] [cap-library-app-srv] a516dfb2-39ed-474d-b6b9-1dc3d6058009 [2023-05-15T10:14:25.431362] Contrast Security no credentials found. Will not write environment files. (STDOUT, STG)#

#2.0#2023 05 15 10:14:29.270#Z#DEBUG#com.sap.cloud.lm.sl.xs2.24c10d35-f309-11ed-bbb3-eeee0a8f47f4.cap-library-app-srv.stageAppTask#
######org.cloudfoundry.multiapps.controller.persistence.services.ProcessLogger########flowable-async-job-executor-thread-5686###
[PollStageAppStatusExecution] [cap-library-app-srv] a516dfb2-39ed-474d-b6b9-1dc3d6058009 [2023-05-15T10:14:25.431379] inside Sealights hook (STDOUT, STG)#

#2.0#2023 05 15 10:14:29.270#Z#DEBUG#com.sap.cloud.lm.sl.xs2.24c10d35-f309-11ed-bbb3-eeee0a8f47f4.cap-library-app-srv.stageAppTask#
######org.cloudfoundry.multiapps.controller.persistence.services.ProcessLogger########flowable-async-job-executor-thread-5686###
[PollStageAppStatusExecution] [cap-library-app-srv] a516dfb2-39ed-474d-b6b9-1dc3d6058009 [2023-05-15T10:14:25.431412] service is not configured to run with Sealights (STDOUT, STG)#

#2.0#2023 05 15 10:14:39.438#Z#DEBUG#com.sap.cloud.lm.sl.xs2.24c10d35-f309-11ed-bbb3-eeee0a8f47f4.cap-library-app-srv.stageAppTask#
######org.cloudfoundry.multiapps.controller.persistence.services.ProcessLogger########flowable-async-job-executor-thread-6195###
[PollStageAppStatusExecution] [cap-library-app-srv] a516dfb2-39ed-474d-b6b9-1dc3d6058009 [2023-05-15T10:14:33.255676] Exit status 0 (STDOUT, STG)#

#2.0#2023 05 15 10:14:39.438#Z#DEBUG#com.sap.cloud.lm.sl.xs2.24c10d35-f309-11ed-bbb3-eeee0a8f47f4.cap-library-app-srv.stageAppTask#
######org.cloudfoundry.multiapps.controller.persistence.services.ProcessLogger########flowable-async-job-executor-thread-6195###
[PollStageAppStatusExecution] [cap-library-app-srv] a516dfb2-39ed-474d-b6b9-1dc3d6058009 [2023-05-15T10:14:33.255727] Uploading droplet, build artifacts cache... (STDOUT, STG)#

#2.0#2023 05 15 10:14:39.438#Z#DEBUG#com.sap.cloud.lm.sl.xs2.24c10d35-f309-11ed-bbb3-eeee0a8f47f4.cap-library-app-srv.stageAppTask#
######org.cloudfoundry.multiapps.controller.persistence.services.ProcessLogger########flowable-async-job-executor-thread-6195###
[PollStageAppStatusExecution] [cap-library-app-srv] a516dfb2-39ed-474d-b6b9-1dc3d6058009 [2023-05-15T10:14:33.255770] Uploading droplet... (STDOUT, STG)#

#2.0#2023 05 15 10:14:39.438#Z#DEBUG#com.sap.cloud.lm.sl.xs2.24c10d35-f309-11ed-bbb3-eeee0a8f47f4.cap-library-app-srv.stageAppTask#
######org.cloudfoundry.multiapps.controller.persistence.services.ProcessLogger########flowable-async-job-executor-thread-6195###
[PollStageAppStatusExecution] [cap-library-app-srv] a516dfb2-39ed-474d-b6b9-1dc3d6058009 [2023-05-15T10:14:33.255780] Uploading build artifacts cache... (STDOUT, STG)#

#2.0#2023 05 15 10:14:39.438#Z#DEBUG#com.sap.cloud.lm.sl.xs2.24c10d35-f309-11ed-bbb3-eeee0a8f47f4.cap-library-app-srv.stageAppTask#
######org.cloudfoundry.multiapps.controller.persistence.services.ProcessLogger########flowable-async-job-executor-thread-6195###
[PollStageAppStatusExecution] [cap-library-app-srv] a516dfb2-39ed-474d-b6b9-1dc3d6058009 [2023-05-15T10:14:33.840168] Uploaded build artifacts cache (214B) (STDOUT, STG)#

#2.0#2023 05 15 10:14:39.438#Z#DEBUG#com.sap.cloud.lm.sl.xs2.24c10d35-f309-11ed-bbb3-eeee0a8f47f4.cap-library-app-srv.stageAppTask#
######org.cloudfoundry.multiapps.controller.persistence.services.ProcessLogger########flowable-async-job-executor-thread-6195###
[PollStageAppStatusExecution] [cap-library-app-srv] a516dfb2-39ed-474d-b6b9-1dc3d6058009 [2023-05-15T10:14:34.120336] Creating droplet for app with guid a516dfb2-39ed-474d-b6b9-1dc3d6058009 (STDOUT, API)#

#2.0#2023 05 15 10:14:39.438#Z#DEBUG#com.sap.cloud.lm.sl.xs2.24c10d35-f309-11ed-bbb3-eeee0a8f47f4.cap-library-app-srv.stageAppTask#
######org.cloudfoundry.multiapps.controller.persistence.services.ProcessLogger########flowable-async-job-executor-thread-6195###
[PollStageAppStatusExecution] [cap-library-app-srv] a516dfb2-39ed-474d-b6b9-1dc3d6058009 [2023-05-15T10:14:38.398270] Uploaded droplet (46.9M) (STDOUT, STG)#

#2.0#2023 05 15 10:14:39.438#Z#DEBUG#com.sap.cloud.lm.sl.xs2.24c10d35-f309-11ed-bbb3-eeee0a8f47f4.cap-library-app-srv.stageAppTask#
######org.cloudfoundry.multiapps.controller.persistence.services.ProcessLogger########flowable-async-job-executor-thread-6195###
[PollStageAppStatusExecution] [cap-library-app-srv] a516dfb2-39ed-474d-b6b9-1dc3d6058009 [2023-05-15T10:14:38.407647] Uploading complete (STDOUT, STG)#

#2.0#2023 05 15 10:14:39.438#Z#DEBUG#com.sap.cloud.lm.sl.xs2.24c10d35-f309-11ed-bbb3-eeee0a8f47f4.cap-library-app-srv.stageAppTask#
######org.cloudfoundry.multiapps.controller.persistence.services.ProcessLogger########flowable-async-job-executor-thread-6195###
[PollStageAppStatusExecution] [cap-library-app-srv] a516dfb2-39ed-474d-b6b9-1dc3d6058009 [2023-05-15T10:14:39.022976] Cell e9aa27aa-5635-4e65-b14a-0ae5b04d7d5f stopping instance 1d388466-185b-4c83-b60f-560476a1494e (STDOUT, STG)#

#2.0#2023 05 15 10:14:39.438#Z#DEBUG#com.sap.cloud.lm.sl.xs2.24c10d35-f309-11ed-bbb3-eeee0a8f47f4.cap-library-app-srv.stageAppTask#
######org.cloudfoundry.multiapps.controller.persistence.services.ProcessLogger########flowable-async-job-executor-thread-6195###
[PollStageAppStatusExecution] [cap-library-app-srv] a516dfb2-39ed-474d-b6b9-1dc3d6058009 [2023-05-15T10:14:39.022997] Cell e9aa27aa-5635-4e65-b14a-0ae5b04d7d5f destroying container for instance 1d388466-185b-4c83-b60f-560476a1494e (STDOUT, STG)#

#2.0#2023 05 15 10:14:48.931#Z#DEBUG#com.sap.cloud.lm.sl.xs2.24c10d35-f309-11ed-bbb3-eeee0a8f47f4.cap-library-app-srv.stageAppTask#
######org.cloudfoundry.multiapps.controller.persistence.services.ProcessLogger########flowable-async-job-executor-thread-5695###
[PollStageAppStatusExecution] [cap-library-app-srv] a516dfb2-39ed-474d-b6b9-1dc3d6058009 [2023-05-15T10:14:40.151245] Cell e9aa27aa-5635-4e65-b14a-0ae5b04d7d5f successfully destroyed container for instance 1d388466-185b-4c83-b60f-560476a1494e (STDOUT, STG)#

#2.0#2023 05 15 10:15:08.852#Z#DEBUG#com.sap.cloud.lm.sl.xs2.24c10d35-f309-11ed-bbb3-eeee0a8f47f4.cap-library-app-srv.startAppTask#
######org.cloudfoundry.multiapps.controller.persistence.services.ProcessLogger########flowable-async-job-executor-thread-6209###
[PollStartAppStatusExecution] [cap-library-app-srv] a516dfb2-39ed-474d-b6b9-1dc3d6058009 [2023-05-15T10:14:49.404144] Updated app with guid a516dfb2-39ed-474d-b6b9-1dc3d6058009 ({:droplet_guid=>"5ac32619-d68e-4f3e-9e41-a220738be1fc"}) (STDOUT, API)#

#2.0#2023 05 15 10:15:08.852#Z#DEBUG#com.sap.cloud.lm.sl.xs2.24c10d35-f309-11ed-bbb3-eeee0a8f47f4.cap-library-app-srv.startAppTask#
######org.cloudfoundry.multiapps.controller.persistence.services.ProcessLogger########flowable-async-job-executor-thread-6209###
[PollStartAppStatusExecution] [cap-library-app-srv] a516dfb2-39ed-474d-b6b9-1dc3d6058009 [2023-05-15T10:14:50.779029] Creating revision for app with guid a516dfb2-39ed-474d-b6b9-1dc3d6058009 (STDOUT, API)#

#2.0#2023 05 15 10:15:08.852#Z#DEBUG#com.sap.cloud.lm.sl.xs2.24c10d35-f309-11ed-bbb3-eeee0a8f47f4.cap-library-app-srv.startAppTask#
######org.cloudfoundry.multiapps.controller.persistence.services.ProcessLogger########flowable-async-job-executor-thread-6209###
[PollStartAppStatusExecution] [cap-library-app-srv] a516dfb2-39ed-474d-b6b9-1dc3d6058009 [2023-05-15T10:14:50.940186] Starting app with guid a516dfb2-39ed-474d-b6b9-1dc3d6058009 (STDOUT, API)#

#2.0#2023 05 15 10:15:08.852#Z#DEBUG#com.sap.cloud.lm.sl.xs2.24c10d35-f309-11ed-bbb3-eeee0a8f47f4.cap-library-app-srv.startAppTask#
######org.cloudfoundry.multiapps.controller.persistence.services.ProcessLogger########flowable-async-job-executor-thread-6209###
[PollStartAppStatusExecution] [cap-library-app-srv] a516dfb2-39ed-474d-b6b9-1dc3d6058009 [2023-05-15T10:14:53.228505] Cell d89356d5-8b8d-4fb9-b939-143db8dad6d7 creating container for instance 119cd981-ce7b-4a55-7cea-6e34 (STDOUT, CELL)#

#2.0#2023 05 15 10:15:08.852#Z#DEBUG#com.sap.cloud.lm.sl.xs2.24c10d35-f309-11ed-bbb3-eeee0a8f47f4.cap-library-app-srv.startAppTask#
######org.cloudfoundry.multiapps.controller.persistence.services.ProcessLogger########flowable-async-job-executor-thread-6209###
[PollStartAppStatusExecution] [cap-library-app-srv] a516dfb2-39ed-474d-b6b9-1dc3d6058009 [2023-05-15T10:14:53.554438] Security group rules were updated (STDOUT, CELL)#

#2.0#2023 05 15 10:15:08.852#Z#DEBUG#com.sap.cloud.lm.sl.xs2.24c10d35-f309-11ed-bbb3-eeee0a8f47f4.cap-library-app-srv.startAppTask#
######org.cloudfoundry.multiapps.controller.persistence.services.ProcessLogger########flowable-async-job-executor-thread-6209###
[PollStartAppStatusExecution] [cap-library-app-srv] a516dfb2-39ed-474d-b6b9-1dc3d6058009 [2023-05-15T10:14:53.566111] Cell d89356d5-8b8d-4fb9-b939-143db8dad6d7 successfully created container for instance 119cd981-ce7b-4a55-7cea-6e34 (STDOUT, CELL)#

#2.0#2023 05 15 10:15:08.852#Z#DEBUG#com.sap.cloud.lm.sl.xs2.24c10d35-f309-11ed-bbb3-eeee0a8f47f4.cap-library-app-srv.startAppTask#
######org.cloudfoundry.multiapps.controller.persistence.services.ProcessLogger########flowable-async-job-executor-thread-6209###
[PollStartAppStatusExecution] [cap-library-app-srv] a516dfb2-39ed-474d-b6b9-1dc3d6058009 [2023-05-15T10:14:53.998899] Downloading droplet... (STDOUT, CELL)#

#2.0#2023 05 15 10:15:08.852#Z#DEBUG#com.sap.cloud.lm.sl.xs2.24c10d35-f309-11ed-bbb3-eeee0a8f47f4.cap-library-app-srv.startAppTask#
######org.cloudfoundry.multiapps.controller.persistence.services.ProcessLogger########flowable-async-job-executor-thread-6209###
[PollStartAppStatusExecution] [cap-library-app-srv] a516dfb2-39ed-474d-b6b9-1dc3d6058009 [2023-05-15T10:14:56.500386] Downloaded droplet (46.9M) (STDOUT, CELL)#

#2.0#2023 05 15 10:15:08.852#Z#DEBUG#com.sap.cloud.lm.sl.xs2.24c10d35-f309-11ed-bbb3-eeee0a8f47f4.cap-library-app-srv.startAppTask#
######org.cloudfoundry.multiapps.controller.persistence.services.ProcessLogger########flowable-async-job-executor-thread-6209###
[PollStartAppStatusExecution] [cap-library-app-srv] a516dfb2-39ed-474d-b6b9-1dc3d6058009 [2023-05-15T10:14:56.500497] Starting health monitoring of container (STDOUT, CELL)#

#2.0#2023 05 15 10:15:08.852#Z#DEBUG#com.sap.cloud.lm.sl.xs2.24c10d35-f309-11ed-bbb3-eeee0a8f47f4.cap-library-app-srv.startAppTask#
######org.cloudfoundry.multiapps.controller.persistence.services.ProcessLogger########flowable-async-job-executor-thread-6209###
[PollStartAppStatusExecution] [cap-library-app-srv] a516dfb2-39ed-474d-b6b9-1dc3d6058009 [2023-05-15T10:14:57.307835] > cap-library-app@1.0.0 start (STDOUT, APP/PROC/WEB)#

#2.0#2023 05 15 10:15:08.852#Z#DEBUG#com.sap.cloud.lm.sl.xs2.24c10d35-f309-11ed-bbb3-eeee0a8f47f4.cap-library-app-srv.startAppTask#
######org.cloudfoundry.multiapps.controller.persistence.services.ProcessLogger########flowable-async-job-executor-thread-6209###
[PollStartAppStatusExecution] [cap-library-app-srv] a516dfb2-39ed-474d-b6b9-1dc3d6058009 [2023-05-15T10:14:57.307850] > cds run (STDOUT, APP/PROC/WEB)#

#2.0#2023 05 15 10:15:08.852#Z#DEBUG#com.sap.cloud.lm.sl.xs2.24c10d35-f309-11ed-bbb3-eeee0a8f47f4.cap-library-app-srv.startAppTask#
######org.cloudfoundry.multiapps.controller.persistence.services.ProcessLogger########flowable-async-job-executor-thread-6209###
[PollStartAppStatusExecution] [cap-library-app-srv] a516dfb2-39ed-474d-b6b9-1dc3d6058009 [2023-05-15T10:14:57.378176] Warning: `cds run` will be removed with the next major version. (STDERR, APP/PROC/WEB)#

#2.0#2023 05 15 10:15:08.853#Z#DEBUG#com.sap.cloud.lm.sl.xs2.24c10d35-f309-11ed-bbb3-eeee0a8f47f4.cap-library-app-srv.startAppTask#
######org.cloudfoundry.multiapps.controller.persistence.services.ProcessLogger########flowable-async-job-executor-thread-6209###
[PollStartAppStatusExecution] [cap-library-app-srv] a516dfb2-39ed-474d-b6b9-1dc3d6058009 [2023-05-15T10:14:57.378193] Use `cds-serve` instead in your start script. Set it with: (STDERR, APP/PROC/WEB)#

#2.0#2023 05 15 10:15:08.853#Z#DEBUG#com.sap.cloud.lm.sl.xs2.24c10d35-f309-11ed-bbb3-eeee0a8f47f4.cap-library-app-srv.startAppTask#
######org.cloudfoundry.multiapps.controller.persistence.services.ProcessLogger########flowable-async-job-executor-thread-6209###
[PollStartAppStatusExecution] [cap-library-app-srv] a516dfb2-39ed-474d-b6b9-1dc3d6058009 [2023-05-15T10:14:57.378199] npm pkg set scripts.start="cds-serve" (STDERR, APP/PROC/WEB)#

#2.0#2023 05 15 10:15:08.853#Z#DEBUG#com.sap.cloud.lm.sl.xs2.24c10d35-f309-11ed-bbb3-eeee0a8f47f4.cap-library-app-srv.startAppTask#
######org.cloudfoundry.multiapps.controller.persistence.services.ProcessLogger########flowable-async-job-executor-thread-6209###
[PollStartAppStatusExecution] [cap-library-app-srv] a516dfb2-39ed-474d-b6b9-1dc3d6058009 [2023-05-15T10:14:57.378203]  (STDERR, APP/PROC/WEB)#

#2.0#2023 05 15 10:15:08.853#Z#DEBUG#com.sap.cloud.lm.sl.xs2.24c10d35-f309-11ed-bbb3-eeee0a8f47f4.cap-library-app-srv.startAppTask#
######org.cloudfoundry.multiapps.controller.persistence.services.ProcessLogger########flowable-async-job-executor-thread-6209###
[PollStartAppStatusExecution] [cap-library-app-srv] a516dfb2-39ed-474d-b6b9-1dc3d6058009 [2023-05-15T10:14:57.921687] [cds] - loaded model from 1 file(s): (STDOUT, APP/PROC/WEB)#

#2.0#2023 05 15 10:15:08.853#Z#DEBUG#com.sap.cloud.lm.sl.xs2.24c10d35-f309-11ed-bbb3-eeee0a8f47f4.cap-library-app-srv.startAppTask#
######org.cloudfoundry.multiapps.controller.persistence.services.ProcessLogger########flowable-async-job-executor-thread-6209###
[PollStartAppStatusExecution] [cap-library-app-srv] a516dfb2-39ed-474d-b6b9-1dc3d6058009 [2023-05-15T10:14:57.921707] [2m (STDOUT, APP/PROC/WEB)#

#2.0#2023 05 15 10:15:08.853#Z#DEBUG#com.sap.cloud.lm.sl.xs2.24c10d35-f309-11ed-bbb3-eeee0a8f47f4.cap-library-app-srv.startAppTask#
######org.cloudfoundry.multiapps.controller.persistence.services.ProcessLogger########flowable-async-job-executor-thread-6209###
[PollStartAppStatusExecution] [cap-library-app-srv] a516dfb2-39ed-474d-b6b9-1dc3d6058009 [2023-05-15T10:14:57.921718] srv/csn.json (STDOUT, APP/PROC/WEB)#

#2.0#2023 05 15 10:15:08.853#Z#DEBUG#com.sap.cloud.lm.sl.xs2.24c10d35-f309-11ed-bbb3-eeee0a8f47f4.cap-library-app-srv.startAppTask#
######org.cloudfoundry.multiapps.controller.persistence.services.ProcessLogger########flowable-async-job-executor-thread-6209###
[PollStartAppStatusExecution] [cap-library-app-srv] a516dfb2-39ed-474d-b6b9-1dc3d6058009 [2023-05-15T10:14:57.921761] [0m (STDOUT, APP/PROC/WEB)#

#2.0#2023 05 15 10:15:08.853#Z#DEBUG#com.sap.cloud.lm.sl.xs2.24c10d35-f309-11ed-bbb3-eeee0a8f47f4.cap-library-app-srv.startAppTask#
######org.cloudfoundry.multiapps.controller.persistence.services.ProcessLogger########flowable-async-job-executor-thread-6209###
[PollStartAppStatusExecution] [cap-library-app-srv] a516dfb2-39ed-474d-b6b9-1dc3d6058009 [2023-05-15T10:14:58.210860] [cds] - connect to db > hana { (STDOUT, APP/PROC/WEB)#

#2.0#2023 05 15 10:15:08.853#Z#DEBUG#com.sap.cloud.lm.sl.xs2.24c10d35-f309-11ed-bbb3-eeee0a8f47f4.cap-library-app-srv.startAppTask#
######org.cloudfoundry.multiapps.controller.persistence.services.ProcessLogger########flowable-async-job-executor-thread-6209###
[PollStartAppStatusExecution] [cap-library-app-srv] a516dfb2-39ed-474d-b6b9-1dc3d6058009 [2023-05-15T10:14:58.210875] database_id: '46b17628-8874-45f2-b018-33655da77bc7', (STDOUT, APP/PROC/WEB)#

#2.0#2023 05 15 10:15:08.853#Z#DEBUG#com.sap.cloud.lm.sl.xs2.24c10d35-f309-11ed-bbb3-eeee0a8f47f4.cap-library-app-srv.startAppTask#
######org.cloudfoundry.multiapps.controller.persistence.services.ProcessLogger########flowable-async-job-executor-thread-6209###
[PollStartAppStatusExecution] [cap-library-app-srv] a516dfb2-39ed-474d-b6b9-1dc3d6058009 [2023-05-15T10:14:58.210879] host: '46b17628-8874-45f2-b018-33655da77bc7.hana.trial-us10.hanacloud.ondemand.com', (STDOUT, APP/PROC/WEB)#

#2.0#2023 05 15 10:15:08.853#Z#DEBUG#com.sap.cloud.lm.sl.xs2.24c10d35-f309-11ed-bbb3-eeee0a8f47f4.cap-library-app-srv.startAppTask#
######org.cloudfoundry.multiapps.controller.persistence.services.ProcessLogger########flowable-async-job-executor-thread-6209###
[PollStartAppStatusExecution] [cap-library-app-srv] a516dfb2-39ed-474d-b6b9-1dc3d6058009 [2023-05-15T10:14:58.210883] port: '443', (STDOUT, APP/PROC/WEB)#

#2.0#2023 05 15 10:15:08.853#Z#DEBUG#com.sap.cloud.lm.sl.xs2.24c10d35-f309-11ed-bbb3-eeee0a8f47f4.cap-library-app-srv.startAppTask#
######org.cloudfoundry.multiapps.controller.persistence.services.ProcessLogger########flowable-async-job-executor-thread-6209###
[PollStartAppStatusExecution] [cap-library-app-srv] a516dfb2-39ed-474d-b6b9-1dc3d6058009 [2023-05-15T10:14:58.210889] driver: 'com.sap.db.jdbc.Driver', (STDOUT, APP/PROC/WEB)#

#2.0#2023 05 15 10:15:08.853#Z#DEBUG#com.sap.cloud.lm.sl.xs2.24c10d35-f309-11ed-bbb3-eeee0a8f47f4.cap-library-app-srv.startAppTask#
######org.cloudfoundry.multiapps.controller.persistence.services.ProcessLogger########flowable-async-job-executor-thread-6209###
[PollStartAppStatusExecution] [cap-library-app-srv] a516dfb2-39ed-474d-b6b9-1dc3d6058009 [2023-05-15T10:14:58.210893] url: 'jdbc:sap://46b17628-8874-45f2-b018-33655da77bc7.hana.trial-us10.hanacloud.ondemand.com:443?encrypt=true&validateCertificate=true&currentschema=6793E334BDAB4554B794DBF8CCB78A56', (STDOUT, APP/PROC/WEB)#

#2.0#2023 05 15 10:15:08.853#Z#DEBUG#com.sap.cloud.lm.sl.xs2.24c10d35-f309-11ed-bbb3-eeee0a8f47f4.cap-library-app-srv.startAppTask#
######org.cloudfoundry.multiapps.controller.persistence.services.ProcessLogger########flowable-async-job-executor-thread-6209###
[PollStartAppStatusExecution] [cap-library-app-srv] a516dfb2-39ed-474d-b6b9-1dc3d6058009 [2023-05-15T10:14:58.210896] schema: '6793E334BDAB4554B794DBF8CCB78A56', (STDOUT, APP/PROC/WEB)#

#2.0#2023 05 15 10:15:08.853#Z#DEBUG#com.sap.cloud.lm.sl.xs2.24c10d35-f309-11ed-bbb3-eeee0a8f47f4.cap-library-app-srv.startAppTask#
######org.cloudfoundry.multiapps.controller.persistence.services.ProcessLogger########flowable-async-job-executor-thread-6209###
[PollStartAppStatusExecution] [cap-library-app-srv] a516dfb2-39ed-474d-b6b9-1dc3d6058009 [2023-05-15T10:14:58.210900] hdi_user: '6793E334BDAB4554B794DBF8CCB78A56_5OVYT1I54RA01WW82QFRFZ0H8_DT', (STDOUT, APP/PROC/WEB)#

#2.0#2023 05 15 10:15:08.853#Z#DEBUG#com.sap.cloud.lm.sl.xs2.24c10d35-f309-11ed-bbb3-eeee0a8f47f4.cap-library-app-srv.startAppTask#
######org.cloudfoundry.multiapps.controller.persistence.services.ProcessLogger########flowable-async-job-executor-thread-6209###
[PollStartAppStatusExecution] [cap-library-app-srv] a516dfb2-39ed-474d-b6b9-1dc3d6058009 [2023-05-15T10:14:58.210904] hdi_password: '...', (STDOUT, APP/PROC/WEB)#

#2.0#2023 05 15 10:15:08.853#Z#DEBUG#com.sap.cloud.lm.sl.xs2.24c10d35-f309-11ed-bbb3-eeee0a8f47f4.cap-library-app-srv.startAppTask#
######org.cloudfoundry.multiapps.controller.persistence.services.ProcessLogger########flowable-async-job-executor-thread-6209###
[PollStartAppStatusExecution] [cap-library-app-srv] a516dfb2-39ed-474d-b6b9-1dc3d6058009 [2023-05-15T10:14:58.210906] user: '6793E334BDAB4554B794DBF8CCB78A56_5OVYT1I54RA01WW82QFRFZ0H8_RT', (STDOUT, APP/PROC/WEB)#

#2.0#2023 05 15 10:15:08.853#Z#DEBUG#com.sap.cloud.lm.sl.xs2.24c10d35-f309-11ed-bbb3-eeee0a8f47f4.cap-library-app-srv.startAppTask#
######org.cloudfoundry.multiapps.controller.persistence.services.ProcessLogger########flowable-async-job-executor-thread-6209###
[PollStartAppStatusExecution] [cap-library-app-srv] a516dfb2-39ed-474d-b6b9-1dc3d6058009 [2023-05-15T10:14:58.210908] password: '...', (STDOUT, APP/PROC/WEB)#

#2.0#2023 05 15 10:15:08.853#Z#DEBUG#com.sap.cloud.lm.sl.xs2.24c10d35-f309-11ed-bbb3-eeee0a8f47f4.cap-library-app-srv.startAppTask#
######org.cloudfoundry.multiapps.controller.persistence.services.ProcessLogger########flowable-async-job-executor-thread-6209###
[PollStartAppStatusExecution] [cap-library-app-srv] a516dfb2-39ed-474d-b6b9-1dc3d6058009 [2023-05-15T10:14:58.210911] certificate: '...' (STDOUT, APP/PROC/WEB)#

#2.0#2023 05 15 10:15:08.853#Z#DEBUG#com.sap.cloud.lm.sl.xs2.24c10d35-f309-11ed-bbb3-eeee0a8f47f4.cap-library-app-srv.startAppTask#
######org.cloudfoundry.multiapps.controller.persistence.services.ProcessLogger########flowable-async-job-executor-thread-6209###
[PollStartAppStatusExecution] [cap-library-app-srv] a516dfb2-39ed-474d-b6b9-1dc3d6058009 [2023-05-15T10:14:58.210913] } (STDOUT, APP/PROC/WEB)#

#2.0#2023 05 15 10:15:08.853#Z#DEBUG#com.sap.cloud.lm.sl.xs2.24c10d35-f309-11ed-bbb3-eeee0a8f47f4.cap-library-app-srv.startAppTask#
######org.cloudfoundry.multiapps.controller.persistence.services.ProcessLogger########flowable-async-job-executor-thread-6209###
[PollStartAppStatusExecution] [cap-library-app-srv] a516dfb2-39ed-474d-b6b9-1dc3d6058009 [2023-05-15T10:14:58.238159] [cds] - (STDERR, APP/PROC/WEB)#

#2.0#2023 05 15 10:15:08.853#Z#DEBUG#com.sap.cloud.lm.sl.xs2.24c10d35-f309-11ed-bbb3-eeee0a8f47f4.cap-library-app-srv.startAppTask#
######org.cloudfoundry.multiapps.controller.persistence.services.ProcessLogger########flowable-async-job-executor-thread-6209###
[PollStartAppStatusExecution] [cap-library-app-srv] a516dfb2-39ed-474d-b6b9-1dc3d6058009 [2023-05-15T10:14:58.238179] No XSUAA instance bound to application, but "JWT" configured. (STDERR, APP/PROC/WEB)#

#2.0#2023 05 15 10:15:08.853#Z#DEBUG#com.sap.cloud.lm.sl.xs2.24c10d35-f309-11ed-bbb3-eeee0a8f47f4.cap-library-app-srv.startAppTask#
######org.cloudfoundry.multiapps.controller.persistence.services.ProcessLogger########flowable-async-job-executor-thread-6209###
[PollStartAppStatusExecution] [cap-library-app-srv] a516dfb2-39ed-474d-b6b9-1dc3d6058009 [2023-05-15T10:14:58.238184] This is NOT recommended in production! (STDERR, APP/PROC/WEB)#

#2.0#2023 05 15 10:15:08.853#Z#DEBUG#com.sap.cloud.lm.sl.xs2.24c10d35-f309-11ed-bbb3-eeee0a8f47f4.cap-library-app-srv.startAppTask#
######org.cloudfoundry.multiapps.controller.persistence.services.ProcessLogger########flowable-async-job-executor-thread-6209###
[PollStartAppStatusExecution] [cap-library-app-srv] a516dfb2-39ed-474d-b6b9-1dc3d6058009 [2023-05-15T10:14:58.238190]  (STDERR, APP/PROC/WEB)#

#2.0#2023 05 15 10:15:08.853#Z#DEBUG#com.sap.cloud.lm.sl.xs2.24c10d35-f309-11ed-bbb3-eeee0a8f47f4.cap-library-app-srv.startAppTask#
######org.cloudfoundry.multiapps.controller.persistence.services.ProcessLogger########flowable-async-job-executor-thread-6209###
[PollStartAppStatusExecution] [cap-library-app-srv] a516dfb2-39ed-474d-b6b9-1dc3d6058009 [2023-05-15T10:14:58.503831] [cds] - serving LibraryService { path: '/library' } (STDOUT, APP/PROC/WEB)#

#2.0#2023 05 15 10:15:08.853#Z#DEBUG#com.sap.cloud.lm.sl.xs2.24c10d35-f309-11ed-bbb3-eeee0a8f47f4.cap-library-app-srv.startAppTask#
######org.cloudfoundry.multiapps.controller.persistence.services.ProcessLogger########flowable-async-job-executor-thread-6209###
[PollStartAppStatusExecution] [cap-library-app-srv] a516dfb2-39ed-474d-b6b9-1dc3d6058009 [2023-05-15T10:14:58.509478] [cds] - server listening on { url: 'http://localhost:8080' } (STDOUT, APP/PROC/WEB)#

#2.0#2023 05 15 10:15:08.853#Z#DEBUG#com.sap.cloud.lm.sl.xs2.24c10d35-f309-11ed-bbb3-eeee0a8f47f4.cap-library-app-srv.startAppTask#
######org.cloudfoundry.multiapps.controller.persistence.services.ProcessLogger########flowable-async-job-executor-thread-6209###
[PollStartAppStatusExecution] [cap-library-app-srv] a516dfb2-39ed-474d-b6b9-1dc3d6058009 [2023-05-15T10:14:58.509692] [cds] - launched at 5/15/2023, 10:14:57 AM, version: 6.8.1, in: 837.548ms (STDOUT, APP/PROC/WEB)#

#2.0#2023 05 15 10:15:08.853#Z#DEBUG#com.sap.cloud.lm.sl.xs2.24c10d35-f309-11ed-bbb3-eeee0a8f47f4.cap-library-app-srv.startAppTask#
######org.cloudfoundry.multiapps.controller.persistence.services.ProcessLogger########flowable-async-job-executor-thread-6209###
[PollStartAppStatusExecution] [cap-library-app-srv] a516dfb2-39ed-474d-b6b9-1dc3d6058009 [2023-05-15T10:14:59.254397] Container became healthy (STDOUT, CELL)#

