#2.0#2023 05 15 11:05:12.848#Z#DEBUG#com.sap.cloud.lm.sl.xs2.41412d7f-f310-11ed-8522-eeee0a9522a0.cap-library-app-db-deployer.executeTaskTask#
######org.cloudfoundry.multiapps.controller.persistence.services.ProcessLogger########flowable-async-job-executor-thread-7010###
[PollExecuteTaskStatusExecution] [cap-library-app-db-deployer] a965f167-0f30-44f4-af38-2c4b2754f0b6 [2023-05-15T11:05:02.049907] Scaling process: "web" (STDOUT, API)#

#2.0#2023 05 15 11:05:12.849#Z#DEBUG#com.sap.cloud.lm.sl.xs2.41412d7f-f310-11ed-8522-eeee0a9522a0.cap-library-app-db-deployer.executeTaskTask#
######org.cloudfoundry.multiapps.controller.persistence.services.ProcessLogger########flowable-async-job-executor-thread-7010###
[PollExecuteTaskStatusExecution] [cap-library-app-db-deployer] a965f167-0f30-44f4-af38-2c4b2754f0b6 [2023-05-15T11:05:02.876764] Cell e9aa27aa-5635-4e65-b14a-0ae5b04d7d5f creating container for instance 85f289c0-a242-4e8f-9466-4367c3eb57f6 (STDOUT, CELL)#

#2.0#2023 05 15 11:05:12.849#Z#DEBUG#com.sap.cloud.lm.sl.xs2.41412d7f-f310-11ed-8522-eeee0a9522a0.cap-library-app-db-deployer.executeTaskTask#
######org.cloudfoundry.multiapps.controller.persistence.services.ProcessLogger########flowable-async-job-executor-thread-7010###
[PollExecuteTaskStatusExecution] [cap-library-app-db-deployer] a965f167-0f30-44f4-af38-2c4b2754f0b6 [2023-05-15T11:05:03.193731] Security group rules were updated (STDOUT, CELL)#

#2.0#2023 05 15 11:05:12.849#Z#DEBUG#com.sap.cloud.lm.sl.xs2.41412d7f-f310-11ed-8522-eeee0a9522a0.cap-library-app-db-deployer.executeTaskTask#
######org.cloudfoundry.multiapps.controller.persistence.services.ProcessLogger########flowable-async-job-executor-thread-7010###
[PollExecuteTaskStatusExecution] [cap-library-app-db-deployer] a965f167-0f30-44f4-af38-2c4b2754f0b6 [2023-05-15T11:05:03.205480] Cell e9aa27aa-5635-4e65-b14a-0ae5b04d7d5f successfully created container for instance 85f289c0-a242-4e8f-9466-4367c3eb57f6 (STDOUT, CELL)#

#2.0#2023 05 15 11:05:12.849#Z#DEBUG#com.sap.cloud.lm.sl.xs2.41412d7f-f310-11ed-8522-eeee0a9522a0.cap-library-app-db-deployer.executeTaskTask#
######org.cloudfoundry.multiapps.controller.persistence.services.ProcessLogger########flowable-async-job-executor-thread-7010###
[PollExecuteTaskStatusExecution] [cap-library-app-db-deployer] a965f167-0f30-44f4-af38-2c4b2754f0b6 [2023-05-15T11:05:11.009964] > start (STDOUT, APP/TASK/deploy)#

#2.0#2023 05 15 11:05:12.849#Z#DEBUG#com.sap.cloud.lm.sl.xs2.41412d7f-f310-11ed-8522-eeee0a9522a0.cap-library-app-db-deployer.executeTaskTask#
######org.cloudfoundry.multiapps.controller.persistence.services.ProcessLogger########flowable-async-job-executor-thread-7010###
[PollExecuteTaskStatusExecution] [cap-library-app-db-deployer] a965f167-0f30-44f4-af38-2c4b2754f0b6 [2023-05-15T11:05:11.009972] > node node_modules/@sap/hdi-deploy/deploy.js (STDOUT, APP/TASK/deploy)#

#2.0#2023 05 15 11:05:12.849#Z#DEBUG#com.sap.cloud.lm.sl.xs2.41412d7f-f310-11ed-8522-eeee0a9522a0.cap-library-app-db-deployer.executeTaskTask#
######org.cloudfoundry.multiapps.controller.persistence.services.ProcessLogger########flowable-async-job-executor-thread-7010###
[PollExecuteTaskStatusExecution] [cap-library-app-db-deployer] a965f167-0f30-44f4-af38-2c4b2754f0b6 [2023-05-15T11:05:11.806536] VCAP_SERVICES: { (STDOUT, APP/TASK/deploy)#

#2.0#2023 05 15 11:05:12.849#Z#DEBUG#com.sap.cloud.lm.sl.xs2.41412d7f-f310-11ed-8522-eeee0a9522a0.cap-library-app-db-deployer.executeTaskTask#
######org.cloudfoundry.multiapps.controller.persistence.services.ProcessLogger########flowable-async-job-executor-thread-7010###
[PollExecuteTaskStatusExecution] [cap-library-app-db-deployer] a965f167-0f30-44f4-af38-2c4b2754f0b6 [2023-05-15T11:05:11.806545] "hana": [ (STDOUT, APP/TASK/deploy)#

#2.0#2023 05 15 11:05:12.849#Z#DEBUG#com.sap.cloud.lm.sl.xs2.41412d7f-f310-11ed-8522-eeee0a9522a0.cap-library-app-db-deployer.executeTaskTask#
######org.cloudfoundry.multiapps.controller.persistence.services.ProcessLogger########flowable-async-job-executor-thread-7010###
[PollExecuteTaskStatusExecution] [cap-library-app-db-deployer] a965f167-0f30-44f4-af38-2c4b2754f0b6 [2023-05-15T11:05:11.806547] { (STDOUT, APP/TASK/deploy)#

#2.0#2023 05 15 11:05:12.849#Z#DEBUG#com.sap.cloud.lm.sl.xs2.41412d7f-f310-11ed-8522-eeee0a9522a0.cap-library-app-db-deployer.executeTaskTask#
######org.cloudfoundry.multiapps.controller.persistence.services.ProcessLogger########flowable-async-job-executor-thread-7010###
[PollExecuteTaskStatusExecution] [cap-library-app-db-deployer] a965f167-0f30-44f4-af38-2c4b2754f0b6 [2023-05-15T11:05:11.806549] "label": "hana", (STDOUT, APP/TASK/deploy)#

#2.0#2023 05 15 11:05:12.849#Z#DEBUG#com.sap.cloud.lm.sl.xs2.41412d7f-f310-11ed-8522-eeee0a9522a0.cap-library-app-db-deployer.executeTaskTask#
######org.cloudfoundry.multiapps.controller.persistence.services.ProcessLogger########flowable-async-job-executor-thread-7010###
[PollExecuteTaskStatusExecution] [cap-library-app-db-deployer] a965f167-0f30-44f4-af38-2c4b2754f0b6 [2023-05-15T11:05:11.806551] "provider": null, (STDOUT, APP/TASK/deploy)#

#2.0#2023 05 15 11:05:12.849#Z#DEBUG#com.sap.cloud.lm.sl.xs2.41412d7f-f310-11ed-8522-eeee0a9522a0.cap-library-app-db-deployer.executeTaskTask#
######org.cloudfoundry.multiapps.controller.persistence.services.ProcessLogger########flowable-async-job-executor-thread-7010###
[PollExecuteTaskStatusExecution] [cap-library-app-db-deployer] a965f167-0f30-44f4-af38-2c4b2754f0b6 [2023-05-15T11:05:11.806552] "plan": "hdi-shared", (STDOUT, APP/TASK/deploy)#

#2.0#2023 05 15 11:05:12.849#Z#DEBUG#com.sap.cloud.lm.sl.xs2.41412d7f-f310-11ed-8522-eeee0a9522a0.cap-library-app-db-deployer.executeTaskTask#
######org.cloudfoundry.multiapps.controller.persistence.services.ProcessLogger########flowable-async-job-executor-thread-7010###
[PollExecuteTaskStatusExecution] [cap-library-app-db-deployer] a965f167-0f30-44f4-af38-2c4b2754f0b6 [2023-05-15T11:05:11.806554] "name": "cap-library-app-db", (STDOUT, APP/TASK/deploy)#

#2.0#2023 05 15 11:05:12.849#Z#DEBUG#com.sap.cloud.lm.sl.xs2.41412d7f-f310-11ed-8522-eeee0a9522a0.cap-library-app-db-deployer.executeTaskTask#
######org.cloudfoundry.multiapps.controller.persistence.services.ProcessLogger########flowable-async-job-executor-thread-7010###
[PollExecuteTaskStatusExecution] [cap-library-app-db-deployer] a965f167-0f30-44f4-af38-2c4b2754f0b6 [2023-05-15T11:05:11.806556] "tags": [ (STDOUT, APP/TASK/deploy)#

#2.0#2023 05 15 11:05:12.849#Z#DEBUG#com.sap.cloud.lm.sl.xs2.41412d7f-f310-11ed-8522-eeee0a9522a0.cap-library-app-db-deployer.executeTaskTask#
######org.cloudfoundry.multiapps.controller.persistence.services.ProcessLogger########flowable-async-job-executor-thread-7010###
[PollExecuteTaskStatusExecution] [cap-library-app-db-deployer] a965f167-0f30-44f4-af38-2c4b2754f0b6 [2023-05-15T11:05:11.806558] "hana", (STDOUT, APP/TASK/deploy)#

#2.0#2023 05 15 11:05:12.849#Z#DEBUG#com.sap.cloud.lm.sl.xs2.41412d7f-f310-11ed-8522-eeee0a9522a0.cap-library-app-db-deployer.executeTaskTask#
######org.cloudfoundry.multiapps.controller.persistence.services.ProcessLogger########flowable-async-job-executor-thread-7010###
[PollExecuteTaskStatusExecution] [cap-library-app-db-deployer] a965f167-0f30-44f4-af38-2c4b2754f0b6 [2023-05-15T11:05:11.806559] "database", (STDOUT, APP/TASK/deploy)#

#2.0#2023 05 15 11:05:12.849#Z#DEBUG#com.sap.cloud.lm.sl.xs2.41412d7f-f310-11ed-8522-eeee0a9522a0.cap-library-app-db-deployer.executeTaskTask#
######org.cloudfoundry.multiapps.controller.persistence.services.ProcessLogger########flowable-async-job-executor-thread-7010###
[PollExecuteTaskStatusExecution] [cap-library-app-db-deployer] a965f167-0f30-44f4-af38-2c4b2754f0b6 [2023-05-15T11:05:11.806560] "relational" (STDOUT, APP/TASK/deploy)#

#2.0#2023 05 15 11:05:12.849#Z#DEBUG#com.sap.cloud.lm.sl.xs2.41412d7f-f310-11ed-8522-eeee0a9522a0.cap-library-app-db-deployer.executeTaskTask#
######org.cloudfoundry.multiapps.controller.persistence.services.ProcessLogger########flowable-async-job-executor-thread-7010###
[PollExecuteTaskStatusExecution] [cap-library-app-db-deployer] a965f167-0f30-44f4-af38-2c4b2754f0b6 [2023-05-15T11:05:11.806562] ], (STDOUT, APP/TASK/deploy)#

#2.0#2023 05 15 11:05:12.849#Z#DEBUG#com.sap.cloud.lm.sl.xs2.41412d7f-f310-11ed-8522-eeee0a9522a0.cap-library-app-db-deployer.executeTaskTask#
######org.cloudfoundry.multiapps.controller.persistence.services.ProcessLogger########flowable-async-job-executor-thread-7010###
[PollExecuteTaskStatusExecution] [cap-library-app-db-deployer] a965f167-0f30-44f4-af38-2c4b2754f0b6 [2023-05-15T11:05:11.806564] "instance_guid": "a2f5da8f-0797-4f52-a5d6-c97313f0b9e2", (STDOUT, APP/TASK/deploy)#

#2.0#2023 05 15 11:05:12.849#Z#DEBUG#com.sap.cloud.lm.sl.xs2.41412d7f-f310-11ed-8522-eeee0a9522a0.cap-library-app-db-deployer.executeTaskTask#
######org.cloudfoundry.multiapps.controller.persistence.services.ProcessLogger########flowable-async-job-executor-thread-7010###
[PollExecuteTaskStatusExecution] [cap-library-app-db-deployer] a965f167-0f30-44f4-af38-2c4b2754f0b6 [2023-05-15T11:05:11.806565] "instance_name": "cap-library-app-db", (STDOUT, APP/TASK/deploy)#

#2.0#2023 05 15 11:05:12.849#Z#DEBUG#com.sap.cloud.lm.sl.xs2.41412d7f-f310-11ed-8522-eeee0a9522a0.cap-library-app-db-deployer.executeTaskTask#
######org.cloudfoundry.multiapps.controller.persistence.services.ProcessLogger########flowable-async-job-executor-thread-7010###
[PollExecuteTaskStatusExecution] [cap-library-app-db-deployer] a965f167-0f30-44f4-af38-2c4b2754f0b6 [2023-05-15T11:05:11.806567] "binding_guid": "59d2ab66-4ced-40b7-b75d-1882fca3131b", (STDOUT, APP/TASK/deploy)#

#2.0#2023 05 15 11:05:12.849#Z#DEBUG#com.sap.cloud.lm.sl.xs2.41412d7f-f310-11ed-8522-eeee0a9522a0.cap-library-app-db-deployer.executeTaskTask#
######org.cloudfoundry.multiapps.controller.persistence.services.ProcessLogger########flowable-async-job-executor-thread-7010###
[PollExecuteTaskStatusExecution] [cap-library-app-db-deployer] a965f167-0f30-44f4-af38-2c4b2754f0b6 [2023-05-15T11:05:11.806568] "binding_name": null, (STDOUT, APP/TASK/deploy)#

#2.0#2023 05 15 11:05:12.849#Z#DEBUG#com.sap.cloud.lm.sl.xs2.41412d7f-f310-11ed-8522-eeee0a9522a0.cap-library-app-db-deployer.executeTaskTask#
######org.cloudfoundry.multiapps.controller.persistence.services.ProcessLogger########flowable-async-job-executor-thread-7010###
[PollExecuteTaskStatusExecution] [cap-library-app-db-deployer] a965f167-0f30-44f4-af38-2c4b2754f0b6 [2023-05-15T11:05:11.806570] "credentials": { (STDOUT, APP/TASK/deploy)#

#2.0#2023 05 15 11:05:12.849#Z#DEBUG#com.sap.cloud.lm.sl.xs2.41412d7f-f310-11ed-8522-eeee0a9522a0.cap-library-app-db-deployer.executeTaskTask#
######org.cloudfoundry.multiapps.controller.persistence.services.ProcessLogger########flowable-async-job-executor-thread-7010###
[PollExecuteTaskStatusExecution] [cap-library-app-db-deployer] a965f167-0f30-44f4-af38-2c4b2754f0b6 [2023-05-15T11:05:11.806571] "database_id": "46b17628-8874-45f2-b018-33655da77bc7", (STDOUT, APP/TASK/deploy)#

#2.0#2023 05 15 11:05:12.849#Z#DEBUG#com.sap.cloud.lm.sl.xs2.41412d7f-f310-11ed-8522-eeee0a9522a0.cap-library-app-db-deployer.executeTaskTask#
######org.cloudfoundry.multiapps.controller.persistence.services.ProcessLogger########flowable-async-job-executor-thread-7010###
[PollExecuteTaskStatusExecution] [cap-library-app-db-deployer] a965f167-0f30-44f4-af38-2c4b2754f0b6 [2023-05-15T11:05:11.806573] "host": "46b17628-8874-45f2-b018-33655da77bc7.hana.trial-us10.hanacloud.ondemand.com", (STDOUT, APP/TASK/deploy)#

#2.0#2023 05 15 11:05:12.849#Z#DEBUG#com.sap.cloud.lm.sl.xs2.41412d7f-f310-11ed-8522-eeee0a9522a0.cap-library-app-db-deployer.executeTaskTask#
######org.cloudfoundry.multiapps.controller.persistence.services.ProcessLogger########flowable-async-job-executor-thread-7010###
[PollExecuteTaskStatusExecution] [cap-library-app-db-deployer] a965f167-0f30-44f4-af38-2c4b2754f0b6 [2023-05-15T11:05:11.806574] "port": "443", (STDOUT, APP/TASK/deploy)#

#2.0#2023 05 15 11:05:12.849#Z#DEBUG#com.sap.cloud.lm.sl.xs2.41412d7f-f310-11ed-8522-eeee0a9522a0.cap-library-app-db-deployer.executeTaskTask#
######org.cloudfoundry.multiapps.controller.persistence.services.ProcessLogger########flowable-async-job-executor-thread-7010###
[PollExecuteTaskStatusExecution] [cap-library-app-db-deployer] a965f167-0f30-44f4-af38-2c4b2754f0b6 [2023-05-15T11:05:11.806576] "driver": "com.sap.db.jdbc.Driver", (STDOUT, APP/TASK/deploy)#

#2.0#2023 05 15 11:05:12.849#Z#DEBUG#com.sap.cloud.lm.sl.xs2.41412d7f-f310-11ed-8522-eeee0a9522a0.cap-library-app-db-deployer.executeTaskTask#
######org.cloudfoundry.multiapps.controller.persistence.services.ProcessLogger########flowable-async-job-executor-thread-7010###
[PollExecuteTaskStatusExecution] [cap-library-app-db-deployer] a965f167-0f30-44f4-af38-2c4b2754f0b6 [2023-05-15T11:05:11.806579] "url": "jdbc:sap://46b17628-8874-45f2-b018-33655da77bc7.hana.trial-us10.hanacloud.ondemand.com:443?encrypt=true&validateCertificate=true&currentschema=6793E334BDAB4554B794DBF8CCB78A56", (STDOUT, APP/TASK/deploy)#

#2.0#2023 05 15 11:05:12.849#Z#DEBUG#com.sap.cloud.lm.sl.xs2.41412d7f-f310-11ed-8522-eeee0a9522a0.cap-library-app-db-deployer.executeTaskTask#
######org.cloudfoundry.multiapps.controller.persistence.services.ProcessLogger########flowable-async-job-executor-thread-7010###
[PollExecuteTaskStatusExecution] [cap-library-app-db-deployer] a965f167-0f30-44f4-af38-2c4b2754f0b6 [2023-05-15T11:05:11.806580] "schema": "6793E334BDAB4554B794DBF8CCB78A56", (STDOUT, APP/TASK/deploy)#

#2.0#2023 05 15 11:05:12.849#Z#DEBUG#com.sap.cloud.lm.sl.xs2.41412d7f-f310-11ed-8522-eeee0a9522a0.cap-library-app-db-deployer.executeTaskTask#
######org.cloudfoundry.multiapps.controller.persistence.services.ProcessLogger########flowable-async-job-executor-thread-7010###
[PollExecuteTaskStatusExecution] [cap-library-app-db-deployer] a965f167-0f30-44f4-af38-2c4b2754f0b6 [2023-05-15T11:05:11.806585] "hdi_user": "6793E334BDAB4554B794DBF8CCB78A56_4GSMHZ3VZ4J79M0XCRM425EDH_DT", (STDOUT, APP/TASK/deploy)#

#2.0#2023 05 15 11:05:12.849#Z#DEBUG#com.sap.cloud.lm.sl.xs2.41412d7f-f310-11ed-8522-eeee0a9522a0.cap-library-app-db-deployer.executeTaskTask#
######org.cloudfoundry.multiapps.controller.persistence.services.ProcessLogger########flowable-async-job-executor-thread-7010###
[PollExecuteTaskStatusExecution] [cap-library-app-db-deployer] a965f167-0f30-44f4-af38-2c4b2754f0b6 [2023-05-15T11:05:11.806586] "hdi_p[...] (STDOUT, APP/TASK/deploy)#

#2.0#2023 05 15 11:05:12.849#Z#DEBUG#com.sap.cloud.lm.sl.xs2.41412d7f-f310-11ed-8522-eeee0a9522a0.cap-library-app-db-deployer.executeTaskTask#
######org.cloudfoundry.multiapps.controller.persistence.services.ProcessLogger########flowable-async-job-executor-thread-7010###
[PollExecuteTaskStatusExecution] [cap-library-app-db-deployer] a965f167-0f30-44f4-af38-2c4b2754f0b6 [2023-05-15T11:05:11.806588] "user": "6793E334BDAB4554B794DBF8CCB78A56_4GSMHZ3VZ4J79M0XCRM425EDH_RT", (STDOUT, APP/TASK/deploy)#

#2.0#2023 05 15 11:05:12.849#Z#DEBUG#com.sap.cloud.lm.sl.xs2.41412d7f-f310-11ed-8522-eeee0a9522a0.cap-library-app-db-deployer.executeTaskTask#
######org.cloudfoundry.multiapps.controller.persistence.services.ProcessLogger########flowable-async-job-executor-thread-7010###
[PollExecuteTaskStatusExecution] [cap-library-app-db-deployer] a965f167-0f30-44f4-af38-2c4b2754f0b6 [2023-05-15T11:05:11.806589] "p[...] (STDOUT, APP/TASK/deploy)#

#2.0#2023 05 15 11:05:12.849#Z#DEBUG#com.sap.cloud.lm.sl.xs2.41412d7f-f310-11ed-8522-eeee0a9522a0.cap-library-app-db-deployer.executeTaskTask#
######org.cloudfoundry.multiapps.controller.persistence.services.ProcessLogger########flowable-async-job-executor-thread-7010###
[PollExecuteTaskStatusExecution] [cap-library-app-db-deployer] a965f167-0f30-44f4-af38-2c4b2754f0b6 [2023-05-15T11:05:11.806594] "certificate": "-----BEGIN CERTIFICATE-----\nMIIDrzCCApegAwIBAgIQCDvgVpBCRrGhdWrJWZHHSjANBgkqhkiG9w0BAQUFADBh\nMQswCQYDVQQGEwJVUzEVMBMGA1UEChMMRGlnaUNlcnQgSW5jMRkwFwYDVQQLExB3\nd3cuZGlnaWNlcnQuY29tMSAwHgYDVQQDExdEaWdpQ2VydCBHbG9iYWwgUm9vdCBD\nQTAeFw0wNjExMTAwMDAwMDBaFw0zMTExMTAwMDAwMDBaMGExCzAJBgNVBAYTAlVT\nMRUwEwYDVQQKEwxEaWdpQ2VydCBJbmMxGTAXBgNVBAsTEHd3dy5kaWdpY2VydC5j\nb20xIDAeBgNVBAMTF0RpZ2lDZXJ0IEdsb2JhbCBSb290IENBMIIBIjANBgkqhkiG\n9w0BAQEFAAOCAQ8AMIIBCgKCAQEA4jvhEXLeqKTTo1eqUKKPC3eQyaKl7hLOllsB\nCSDMAZOnTjC3U/dDxGkAV53ijSLdhwZAAIEJzs4bg7/fzTtxRuLWZscFs3YnFo97\nnh6Vfe63SKMI2tavegw5BmV/Sl0fvBf4q77uKNd0f3p4mVmFaG5cIzJLv07A6Fpt\n43C/dxC//AH2hdmoRBBYMql1GNXRor5H4idq9Joz+EkIYIvUX7Q6hL+hqkpMfT7P\nT19sdl6gSzeRntwi5m3OFBqOasv+zbMUZBfHWymeMr/y7vrTC0LUq7dBMtoM1O/4\ngdW7jVg/tRvoSSiicNoxBN33shbyTApOB6jtSj1etX+jkMOvJwIDAQABo2MwYTAO\nBgNVHQ8BAf8EBAMCAYYwDwYDVR0TAQH/BAUwAwEB/zAdBgNVHQ4EFgQUA95QNVbR\nTLtm8KPiGxvDl7I90VUwHwYDVR0jBBgwFoAUA95QNVbRTLtm8KPiGxvDl7I90VUw\nDQYJKoZIhvcNAQEFBQADggEBAMucN6pIExIK+t1EnE9SsPTfrgT1eXkIoyQY/Esr\nhMAtudXH/vTBH1jLuG2cenTnmCmrEbXjcKChzUyImZOMkXDiqw8cvpOp/2PV5Adg\n06O/nVsJ8dWO41P0jmP6P6fbtGbfYmbW0W5BjfIttep3Sp+dWOIrWcBAI+0tKIJF\nPnlUkiaY4IBIqDfv8NZ5YBberOgOzW6sRBc4L0na4UU+Krk2U886UAb3LujEV0ls\nYSEY1QSteDwsOoBrp+uvFRTp2InBuThs4pFsiv9kuXclVzDAGySj4dzp30d8tbQk\nCAUw7C29C79Fv1C5qfPrmAESrciIxpg0X40KPMbp1ZWVbd4=\n-----END CERTIFICATE-----" (STDOUT, APP/TASK/deploy)#

#2.0#2023 05 15 11:05:12.849#Z#DEBUG#com.sap.cloud.lm.sl.xs2.41412d7f-f310-11ed-8522-eeee0a9522a0.cap-library-app-db-deployer.executeTaskTask#
######org.cloudfoundry.multiapps.controller.persistence.services.ProcessLogger########flowable-async-job-executor-thread-7010###
[PollExecuteTaskStatusExecution] [cap-library-app-db-deployer] a965f167-0f30-44f4-af38-2c4b2754f0b6 [2023-05-15T11:05:11.806595] }, (STDOUT, APP/TASK/deploy)#

#2.0#2023 05 15 11:05:12.849#Z#DEBUG#com.sap.cloud.lm.sl.xs2.41412d7f-f310-11ed-8522-eeee0a9522a0.cap-library-app-db-deployer.executeTaskTask#
######org.cloudfoundry.multiapps.controller.persistence.services.ProcessLogger########flowable-async-job-executor-thread-7010###
[PollExecuteTaskStatusExecution] [cap-library-app-db-deployer] a965f167-0f30-44f4-af38-2c4b2754f0b6 [2023-05-15T11:05:11.806596] "syslog_drain_url": null, (STDOUT, APP/TASK/deploy)#

#2.0#2023 05 15 11:05:12.849#Z#DEBUG#com.sap.cloud.lm.sl.xs2.41412d7f-f310-11ed-8522-eeee0a9522a0.cap-library-app-db-deployer.executeTaskTask#
######org.cloudfoundry.multiapps.controller.persistence.services.ProcessLogger########flowable-async-job-executor-thread-7010###
[PollExecuteTaskStatusExecution] [cap-library-app-db-deployer] a965f167-0f30-44f4-af38-2c4b2754f0b6 [2023-05-15T11:05:11.806598] "volume_mounts": [] (STDOUT, APP/TASK/deploy)#

#2.0#2023 05 15 11:05:12.849#Z#DEBUG#com.sap.cloud.lm.sl.xs2.41412d7f-f310-11ed-8522-eeee0a9522a0.cap-library-app-db-deployer.executeTaskTask#
######org.cloudfoundry.multiapps.controller.persistence.services.ProcessLogger########flowable-async-job-executor-thread-7010###
[PollExecuteTaskStatusExecution] [cap-library-app-db-deployer] a965f167-0f30-44f4-af38-2c4b2754f0b6 [2023-05-15T11:05:11.806599] } (STDOUT, APP/TASK/deploy)#

#2.0#2023 05 15 11:05:12.849#Z#DEBUG#com.sap.cloud.lm.sl.xs2.41412d7f-f310-11ed-8522-eeee0a9522a0.cap-library-app-db-deployer.executeTaskTask#
######org.cloudfoundry.multiapps.controller.persistence.services.ProcessLogger########flowable-async-job-executor-thread-7010###
[PollExecuteTaskStatusExecution] [cap-library-app-db-deployer] a965f167-0f30-44f4-af38-2c4b2754f0b6 [2023-05-15T11:05:11.806601] ] (STDOUT, APP/TASK/deploy)#

#2.0#2023 05 15 11:05:12.849#Z#DEBUG#com.sap.cloud.lm.sl.xs2.41412d7f-f310-11ed-8522-eeee0a9522a0.cap-library-app-db-deployer.executeTaskTask#
######org.cloudfoundry.multiapps.controller.persistence.services.ProcessLogger########flowable-async-job-executor-thread-7010###
[PollExecuteTaskStatusExecution] [cap-library-app-db-deployer] a965f167-0f30-44f4-af38-2c4b2754f0b6 [2023-05-15T11:05:11.806602] } (STDOUT, APP/TASK/deploy)#

#2.0#2023 05 15 11:05:20.881#Z#DEBUG#com.sap.cloud.lm.sl.xs2.41412d7f-f310-11ed-8522-eeee0a9522a0.cap-library-app-db-deployer.executeTaskTask#
######org.cloudfoundry.multiapps.controller.persistence.services.ProcessLogger########flowable-async-job-executor-thread-7015###
[PollExecuteTaskStatusExecution] [cap-library-app-db-deployer] a965f167-0f30-44f4-af38-2c4b2754f0b6 [2023-05-15T11:05:13.304757] @sap/hdi-deploy, version 4.6.0 (mode default), server version 4.00.000.00.1683026198 (4.0.0.0), cloud version 2023.4.11, node version 18.13.0, HDI version 1010, container API version 1006 (STDOUT, APP/TASK/deploy)#

#2.0#2023 05 15 11:05:20.881#Z#DEBUG#com.sap.cloud.lm.sl.xs2.41412d7f-f310-11ed-8522-eeee0a9522a0.cap-library-app-db-deployer.executeTaskTask#
######org.cloudfoundry.multiapps.controller.persistence.services.ProcessLogger########flowable-async-job-executor-thread-7015###
[PollExecuteTaskStatusExecution] [cap-library-app-db-deployer] a965f167-0f30-44f4-af38-2c4b2754f0b6 [2023-05-15T11:05:13.304957] Deployment started at 2023-05-15 11:05:13 (STDOUT, APP/TASK/deploy)#

#2.0#2023 05 15 11:05:20.881#Z#DEBUG#com.sap.cloud.lm.sl.xs2.41412d7f-f310-11ed-8522-eeee0a9522a0.cap-library-app-db-deployer.executeTaskTask#
######org.cloudfoundry.multiapps.controller.persistence.services.ProcessLogger########flowable-async-job-executor-thread-7015###
[PollExecuteTaskStatusExecution] [cap-library-app-db-deployer] a965f167-0f30-44f4-af38-2c4b2754f0b6 [2023-05-15T11:05:13.304988] Using hana-client for connection (STDOUT, APP/TASK/deploy)#

#2.0#2023 05 15 11:05:20.881#Z#DEBUG#com.sap.cloud.lm.sl.xs2.41412d7f-f310-11ed-8522-eeee0a9522a0.cap-library-app-db-deployer.executeTaskTask#
######org.cloudfoundry.multiapps.controller.persistence.services.ProcessLogger########flowable-async-job-executor-thread-7015###
[PollExecuteTaskStatusExecution] [cap-library-app-db-deployer] a965f167-0f30-44f4-af38-2c4b2754f0b6 [2023-05-15T11:05:13.415227] No ignore file at /home/vcap/app/.hdiignore. (STDOUT, APP/TASK/deploy)#

#2.0#2023 05 15 11:05:20.881#Z#DEBUG#com.sap.cloud.lm.sl.xs2.41412d7f-f310-11ed-8522-eeee0a9522a0.cap-library-app-db-deployer.executeTaskTask#
######org.cloudfoundry.multiapps.controller.persistence.services.ProcessLogger########flowable-async-job-executor-thread-7015###
[PollExecuteTaskStatusExecution] [cap-library-app-db-deployer] a965f167-0f30-44f4-af38-2c4b2754f0b6 [2023-05-15T11:05:13.415491] Collecting files... (STDOUT, APP/TASK/deploy)#

#2.0#2023 05 15 11:05:20.881#Z#DEBUG#com.sap.cloud.lm.sl.xs2.41412d7f-f310-11ed-8522-eeee0a9522a0.cap-library-app-db-deployer.executeTaskTask#
######org.cloudfoundry.multiapps.controller.persistence.services.ProcessLogger########flowable-async-job-executor-thread-7015###
[PollExecuteTaskStatusExecution] [cap-library-app-db-deployer] a965f167-0f30-44f4-af38-2c4b2754f0b6 [2023-05-15T11:05:13.420121] Collecting files... ok (0s 5ms) (STDOUT, APP/TASK/deploy)#

#2.0#2023 05 15 11:05:20.881#Z#DEBUG#com.sap.cloud.lm.sl.xs2.41412d7f-f310-11ed-8522-eeee0a9522a0.cap-library-app-db-deployer.executeTaskTask#
######org.cloudfoundry.multiapps.controller.persistence.services.ProcessLogger########flowable-async-job-executor-thread-7015###
[PollExecuteTaskStatusExecution] [cap-library-app-db-deployer] a965f167-0f30-44f4-af38-2c4b2754f0b6 [2023-05-15T11:05:13.420128] 3 directories collected (STDOUT, APP/TASK/deploy)#

#2.0#2023 05 15 11:05:20.881#Z#DEBUG#com.sap.cloud.lm.sl.xs2.41412d7f-f310-11ed-8522-eeee0a9522a0.cap-library-app-db-deployer.executeTaskTask#
######org.cloudfoundry.multiapps.controller.persistence.services.ProcessLogger########flowable-async-job-executor-thread-7015###
[PollExecuteTaskStatusExecution] [cap-library-app-db-deployer] a965f167-0f30-44f4-af38-2c4b2754f0b6 [2023-05-15T11:05:13.420142] 41 files collected (STDOUT, APP/TASK/deploy)#

#2.0#2023 05 15 11:05:20.881#Z#DEBUG#com.sap.cloud.lm.sl.xs2.41412d7f-f310-11ed-8522-eeee0a9522a0.cap-library-app-db-deployer.executeTaskTask#
######org.cloudfoundry.multiapps.controller.persistence.services.ProcessLogger########flowable-async-job-executor-thread-7015###
[PollExecuteTaskStatusExecution] [cap-library-app-db-deployer] a965f167-0f30-44f4-af38-2c4b2754f0b6 [2023-05-15T11:05:13.420172] 0 reusable modules collected (STDOUT, APP/TASK/deploy)#

#2.0#2023 05 15 11:05:20.881#Z#DEBUG#com.sap.cloud.lm.sl.xs2.41412d7f-f310-11ed-8522-eeee0a9522a0.cap-library-app-db-deployer.executeTaskTask#
######org.cloudfoundry.multiapps.controller.persistence.services.ProcessLogger########flowable-async-job-executor-thread-7015###
[PollExecuteTaskStatusExecution] [cap-library-app-db-deployer] a965f167-0f30-44f4-af38-2c4b2754f0b6 [2023-05-15T11:05:13.420198] Target service: cap-library-app-db (STDOUT, APP/TASK/deploy)#

#2.0#2023 05 15 11:05:20.881#Z#DEBUG#com.sap.cloud.lm.sl.xs2.41412d7f-f310-11ed-8522-eeee0a9522a0.cap-library-app-db-deployer.executeTaskTask#
######org.cloudfoundry.multiapps.controller.persistence.services.ProcessLogger########flowable-async-job-executor-thread-7015###
[PollExecuteTaskStatusExecution] [cap-library-app-db-deployer] a965f167-0f30-44f4-af38-2c4b2754f0b6 [2023-05-15T11:05:13.773003] Session variable APPLICATION is set to "SAP_HDI/CAP_Dev/152bfcc3trial". (STDOUT, APP/TASK/deploy)#

#2.0#2023 05 15 11:05:20.881#Z#DEBUG#com.sap.cloud.lm.sl.xs2.41412d7f-f310-11ed-8522-eeee0a9522a0.cap-library-app-db-deployer.executeTaskTask#
######org.cloudfoundry.multiapps.controller.persistence.services.ProcessLogger########flowable-async-job-executor-thread-7015###
[PollExecuteTaskStatusExecution] [cap-library-app-db-deployer] a965f167-0f30-44f4-af38-2c4b2754f0b6 [2023-05-15T11:05:13.978170] Previous build with request ID 72 finished at 2023-05-15 10:15:16.753292000 with status Committed and message: Make succeeded (2 warnings): 41 files deployed (effective 64), 0 files undeployed (effective 0), 0 dependent files redeployed. (STDOUT, APP/TASK/deploy)#

#2.0#2023 05 15 11:05:20.881#Z#DEBUG#com.sap.cloud.lm.sl.xs2.41412d7f-f310-11ed-8522-eeee0a9522a0.cap-library-app-db-deployer.executeTaskTask#
######org.cloudfoundry.multiapps.controller.persistence.services.ProcessLogger########flowable-async-job-executor-thread-7015###
[PollExecuteTaskStatusExecution] [cap-library-app-db-deployer] a965f167-0f30-44f4-af38-2c4b2754f0b6 [2023-05-15T11:05:13.978281] Processing revoke files... (STDOUT, APP/TASK/deploy)#

#2.0#2023 05 15 11:05:20.881#Z#DEBUG#com.sap.cloud.lm.sl.xs2.41412d7f-f310-11ed-8522-eeee0a9522a0.cap-library-app-db-deployer.executeTaskTask#
######org.cloudfoundry.multiapps.controller.persistence.services.ProcessLogger########flowable-async-job-executor-thread-7015###
[PollExecuteTaskStatusExecution] [cap-library-app-db-deployer] a965f167-0f30-44f4-af38-2c4b2754f0b6 [2023-05-15T11:05:13.978367] Processing revoke files... ok (0s 0ms) (STDOUT, APP/TASK/deploy)#

#2.0#2023 05 15 11:05:20.881#Z#DEBUG#com.sap.cloud.lm.sl.xs2.41412d7f-f310-11ed-8522-eeee0a9522a0.cap-library-app-db-deployer.executeTaskTask#
######org.cloudfoundry.multiapps.controller.persistence.services.ProcessLogger########flowable-async-job-executor-thread-7015###
[PollExecuteTaskStatusExecution] [cap-library-app-db-deployer] a965f167-0f30-44f4-af38-2c4b2754f0b6 [2023-05-15T11:05:13.978483] Processing grants files... (STDOUT, APP/TASK/deploy)#

#2.0#2023 05 15 11:05:20.881#Z#DEBUG#com.sap.cloud.lm.sl.xs2.41412d7f-f310-11ed-8522-eeee0a9522a0.cap-library-app-db-deployer.executeTaskTask#
######org.cloudfoundry.multiapps.controller.persistence.services.ProcessLogger########flowable-async-job-executor-thread-7015###
[PollExecuteTaskStatusExecution] [cap-library-app-db-deployer] a965f167-0f30-44f4-af38-2c4b2754f0b6 [2023-05-15T11:05:13.978543] Processing grants files... ok (0s 0ms) (STDOUT, APP/TASK/deploy)#

#2.0#2023 05 15 11:05:20.881#Z#DEBUG#com.sap.cloud.lm.sl.xs2.41412d7f-f310-11ed-8522-eeee0a9522a0.cap-library-app-db-deployer.executeTaskTask#
######org.cloudfoundry.multiapps.controller.persistence.services.ProcessLogger########flowable-async-job-executor-thread-7015###
[PollExecuteTaskStatusExecution] [cap-library-app-db-deployer] a965f167-0f30-44f4-af38-2c4b2754f0b6 [2023-05-15T11:05:14.009922] Preprocessing files... (STDOUT, APP/TASK/deploy)#

#2.0#2023 05 15 11:05:20.881#Z#DEBUG#com.sap.cloud.lm.sl.xs2.41412d7f-f310-11ed-8522-eeee0a9522a0.cap-library-app-db-deployer.executeTaskTask#
######org.cloudfoundry.multiapps.controller.persistence.services.ProcessLogger########flowable-async-job-executor-thread-7015###
[PollExecuteTaskStatusExecution] [cap-library-app-db-deployer] a965f167-0f30-44f4-af38-2c4b2754f0b6 [2023-05-15T11:05:14.009926] Preprocessing files... ok (0s 0ms) (STDOUT, APP/TASK/deploy)#

#2.0#2023 05 15 11:05:20.881#Z#DEBUG#com.sap.cloud.lm.sl.xs2.41412d7f-f310-11ed-8522-eeee0a9522a0.cap-library-app-db-deployer.executeTaskTask#
######org.cloudfoundry.multiapps.controller.persistence.services.ProcessLogger########flowable-async-job-executor-thread-7015###
[PollExecuteTaskStatusExecution] [cap-library-app-db-deployer] a965f167-0f30-44f4-af38-2c4b2754f0b6 [2023-05-15T11:05:14.009928] Connecting to the container "6793E334BDAB4554B794DBF8CCB78A56"... (STDOUT, APP/TASK/deploy)#

#2.0#2023 05 15 11:05:20.881#Z#DEBUG#com.sap.cloud.lm.sl.xs2.41412d7f-f310-11ed-8522-eeee0a9522a0.cap-library-app-db-deployer.executeTaskTask#
######org.cloudfoundry.multiapps.controller.persistence.services.ProcessLogger########flowable-async-job-executor-thread-7015###
[PollExecuteTaskStatusExecution] [cap-library-app-db-deployer] a965f167-0f30-44f4-af38-2c4b2754f0b6 [2023-05-15T11:05:14.238756] Connecting to the container "6793E334BDAB4554B794DBF8CCB78A56"... ok (0s 233ms) (STDOUT, APP/TASK/deploy)#

#2.0#2023 05 15 11:05:20.881#Z#DEBUG#com.sap.cloud.lm.sl.xs2.41412d7f-f310-11ed-8522-eeee0a9522a0.cap-library-app-db-deployer.executeTaskTask#
######org.cloudfoundry.multiapps.controller.persistence.services.ProcessLogger########flowable-async-job-executor-thread-7015###
[PollExecuteTaskStatusExecution] [cap-library-app-db-deployer] a965f167-0f30-44f4-af38-2c4b2754f0b6 [2023-05-15T11:05:14.238768] Locking the container "6793E334BDAB4554B794DBF8CCB78A56"... (STDOUT, APP/TASK/deploy)#

#2.0#2023 05 15 11:05:20.881#Z#DEBUG#com.sap.cloud.lm.sl.xs2.41412d7f-f310-11ed-8522-eeee0a9522a0.cap-library-app-db-deployer.executeTaskTask#
######org.cloudfoundry.multiapps.controller.persistence.services.ProcessLogger########flowable-async-job-executor-thread-7015###
[PollExecuteTaskStatusExecution] [cap-library-app-db-deployer] a965f167-0f30-44f4-af38-2c4b2754f0b6 [2023-05-15T11:05:14.592334] Locking the container "6793E334BDAB4554B794DBF8CCB78A56"... ok (0s 353ms) (STDOUT, APP/TASK/deploy)#

#2.0#2023 05 15 11:05:20.881#Z#DEBUG#com.sap.cloud.lm.sl.xs2.41412d7f-f310-11ed-8522-eeee0a9522a0.cap-library-app-db-deployer.executeTaskTask#
######org.cloudfoundry.multiapps.controller.persistence.services.ProcessLogger########flowable-async-job-executor-thread-7015###
[PollExecuteTaskStatusExecution] [cap-library-app-db-deployer] a965f167-0f30-44f4-af38-2c4b2754f0b6 [2023-05-15T11:05:14.592344] Synchronizing files with the container "6793E334BDAB4554B794DBF8CCB78A56"... (STDOUT, APP/TASK/deploy)#

#2.0#2023 05 15 11:05:20.881#Z#DEBUG#com.sap.cloud.lm.sl.xs2.41412d7f-f310-11ed-8522-eeee0a9522a0.cap-library-app-db-deployer.executeTaskTask#
######org.cloudfoundry.multiapps.controller.persistence.services.ProcessLogger########flowable-async-job-executor-thread-7015###
[PollExecuteTaskStatusExecution] [cap-library-app-db-deployer] a965f167-0f30-44f4-af38-2c4b2754f0b6 [2023-05-15T11:05:14.592363] Deleting files... (STDOUT, APP/TASK/deploy)#

#2.0#2023 05 15 11:05:20.881#Z#DEBUG#com.sap.cloud.lm.sl.xs2.41412d7f-f310-11ed-8522-eeee0a9522a0.cap-library-app-db-deployer.executeTaskTask#
######org.cloudfoundry.multiapps.controller.persistence.services.ProcessLogger########flowable-async-job-executor-thread-7015###
[PollExecuteTaskStatusExecution] [cap-library-app-db-deployer] a965f167-0f30-44f4-af38-2c4b2754f0b6 [2023-05-15T11:05:14.748106] Deleting files... ok (STDOUT, APP/TASK/deploy)#

#2.0#2023 05 15 11:05:20.881#Z#DEBUG#com.sap.cloud.lm.sl.xs2.41412d7f-f310-11ed-8522-eeee0a9522a0.cap-library-app-db-deployer.executeTaskTask#
######org.cloudfoundry.multiapps.controller.persistence.services.ProcessLogger########flowable-async-job-executor-thread-7015###
[PollExecuteTaskStatusExecution] [cap-library-app-db-deployer] a965f167-0f30-44f4-af38-2c4b2754f0b6 [2023-05-15T11:05:14.748122] Writing files... (STDOUT, APP/TASK/deploy)#

#2.0#2023 05 15 11:05:20.881#Z#DEBUG#com.sap.cloud.lm.sl.xs2.41412d7f-f310-11ed-8522-eeee0a9522a0.cap-library-app-db-deployer.executeTaskTask#
######org.cloudfoundry.multiapps.controller.persistence.services.ProcessLogger########flowable-async-job-executor-thread-7015###
[PollExecuteTaskStatusExecution] [cap-library-app-db-deployer] a965f167-0f30-44f4-af38-2c4b2754f0b6 [2023-05-15T11:05:15.079431] Writing files... ok (STDOUT, APP/TASK/deploy)#

#2.0#2023 05 15 11:05:20.881#Z#DEBUG#com.sap.cloud.lm.sl.xs2.41412d7f-f310-11ed-8522-eeee0a9522a0.cap-library-app-db-deployer.executeTaskTask#
######org.cloudfoundry.multiapps.controller.persistence.services.ProcessLogger########flowable-async-job-executor-thread-7015###
[PollExecuteTaskStatusExecution] [cap-library-app-db-deployer] a965f167-0f30-44f4-af38-2c4b2754f0b6 [2023-05-15T11:05:15.079443] Synchronizing files with the container "6793E334BDAB4554B794DBF8CCB78A56"... ok (0s 487ms) (STDOUT, APP/TASK/deploy)#

#2.0#2023 05 15 11:05:20.881#Z#DEBUG#com.sap.cloud.lm.sl.xs2.41412d7f-f310-11ed-8522-eeee0a9522a0.cap-library-app-db-deployer.executeTaskTask#
######org.cloudfoundry.multiapps.controller.persistence.services.ProcessLogger########flowable-async-job-executor-thread-7015###
[PollExecuteTaskStatusExecution] [cap-library-app-db-deployer] a965f167-0f30-44f4-af38-2c4b2754f0b6 [2023-05-15T11:05:15.277263] added files: [] (STDOUT, APP/TASK/deploy)#

#2.0#2023 05 15 11:05:20.881#Z#DEBUG#com.sap.cloud.lm.sl.xs2.41412d7f-f310-11ed-8522-eeee0a9522a0.cap-library-app-db-deployer.executeTaskTask#
######org.cloudfoundry.multiapps.controller.persistence.services.ProcessLogger########flowable-async-job-executor-thread-7015###
[PollExecuteTaskStatusExecution] [cap-library-app-db-deployer] a965f167-0f30-44f4-af38-2c4b2754f0b6 [2023-05-15T11:05:15.277273] modified files: [] (STDOUT, APP/TASK/deploy)#

#2.0#2023 05 15 11:05:20.881#Z#DEBUG#com.sap.cloud.lm.sl.xs2.41412d7f-f310-11ed-8522-eeee0a9522a0.cap-library-app-db-deployer.executeTaskTask#
######org.cloudfoundry.multiapps.controller.persistence.services.ProcessLogger########flowable-async-job-executor-thread-7015###
[PollExecuteTaskStatusExecution] [cap-library-app-db-deployer] a965f167-0f30-44f4-af38-2c4b2754f0b6 [2023-05-15T11:05:15.277276] deleted files: [] (STDOUT, APP/TASK/deploy)#

#2.0#2023 05 15 11:05:20.881#Z#DEBUG#com.sap.cloud.lm.sl.xs2.41412d7f-f310-11ed-8522-eeee0a9522a0.cap-library-app-db-deployer.executeTaskTask#
######org.cloudfoundry.multiapps.controller.persistence.services.ProcessLogger########flowable-async-job-executor-thread-7015###
[PollExecuteTaskStatusExecution] [cap-library-app-db-deployer] a965f167-0f30-44f4-af38-2c4b2754f0b6 [2023-05-15T11:05:15.277332] 0 modified or added files are scheduled for deploy based on delta detection (STDOUT, APP/TASK/deploy)#

#2.0#2023 05 15 11:05:20.881#Z#DEBUG#com.sap.cloud.lm.sl.xs2.41412d7f-f310-11ed-8522-eeee0a9522a0.cap-library-app-db-deployer.executeTaskTask#
######org.cloudfoundry.multiapps.controller.persistence.services.ProcessLogger########flowable-async-job-executor-thread-7015###
[PollExecuteTaskStatusExecution] [cap-library-app-db-deployer] a965f167-0f30-44f4-af38-2c4b2754f0b6 [2023-05-15T11:05:15.277607] 0 deleted files are scheduled for undeploy based on delta detection (filtered by undeploy allowlist) (STDOUT, APP/TASK/deploy)#

#2.0#2023 05 15 11:05:20.881#Z#DEBUG#com.sap.cloud.lm.sl.xs2.41412d7f-f310-11ed-8522-eeee0a9522a0.cap-library-app-db-deployer.executeTaskTask#
######org.cloudfoundry.multiapps.controller.persistence.services.ProcessLogger########flowable-async-job-executor-thread-7015###
[PollExecuteTaskStatusExecution] [cap-library-app-db-deployer] a965f167-0f30-44f4-af38-2c4b2754f0b6 [2023-05-15T11:05:15.277656] 0 files are scheduled for deploy based on explicit specification (STDOUT, APP/TASK/deploy)#

#2.0#2023 05 15 11:05:20.881#Z#DEBUG#com.sap.cloud.lm.sl.xs2.41412d7f-f310-11ed-8522-eeee0a9522a0.cap-library-app-db-deployer.executeTaskTask#
######org.cloudfoundry.multiapps.controller.persistence.services.ProcessLogger########flowable-async-job-executor-thread-7015###
[PollExecuteTaskStatusExecution] [cap-library-app-db-deployer] a965f167-0f30-44f4-af38-2c4b2754f0b6 [2023-05-15T11:05:15.277662] 0 files are scheduled for undeploy based on explicit specification (STDOUT, APP/TASK/deploy)#

#2.0#2023 05 15 11:05:20.881#Z#DEBUG#com.sap.cloud.lm.sl.xs2.41412d7f-f310-11ed-8522-eeee0a9522a0.cap-library-app-db-deployer.executeTaskTask#
######org.cloudfoundry.multiapps.controller.persistence.services.ProcessLogger########flowable-async-job-executor-thread-7015###
[PollExecuteTaskStatusExecution] [cap-library-app-db-deployer] a965f167-0f30-44f4-af38-2c4b2754f0b6 [2023-05-15T11:05:15.277724] Deploying to the container "6793E334BDAB4554B794DBF8CCB78A56"... (STDOUT, APP/TASK/deploy)#

#2.0#2023 05 15 11:05:20.881#Z#DEBUG#com.sap.cloud.lm.sl.xs2.41412d7f-f310-11ed-8522-eeee0a9522a0.cap-library-app-db-deployer.executeTaskTask#
######org.cloudfoundry.multiapps.controller.persistence.services.ProcessLogger########flowable-async-job-executor-thread-7015###
[PollExecuteTaskStatusExecution] [cap-library-app-db-deployer] a965f167-0f30-44f4-af38-2c4b2754f0b6 [2023-05-15T11:05:15.604779] Starting make in the container "6793E334BDAB4554B794DBF8CCB78A56" with 0 files to deploy, 0 files to undeploy... (STDOUT, APP/TASK/deploy)#

#2.0#2023 05 15 11:05:20.881#Z#DEBUG#com.sap.cloud.lm.sl.xs2.41412d7f-f310-11ed-8522-eeee0a9522a0.cap-library-app-db-deployer.executeTaskTask#
######org.cloudfoundry.multiapps.controller.persistence.services.ProcessLogger########flowable-async-job-executor-thread-7015###
[PollExecuteTaskStatusExecution] [cap-library-app-db-deployer] a965f167-0f30-44f4-af38-2c4b2754f0b6 [2023-05-15T11:05:15.604795] Disabling table replication for the container schema "6793E334BDAB4554B794DBF8CCB78A56"... (STDOUT, APP/TASK/deploy)#

#2.0#2023 05 15 11:05:20.881#Z#DEBUG#com.sap.cloud.lm.sl.xs2.41412d7f-f310-11ed-8522-eeee0a9522a0.cap-library-app-db-deployer.executeTaskTask#
######org.cloudfoundry.multiapps.controller.persistence.services.ProcessLogger########flowable-async-job-executor-thread-7015###
[PollExecuteTaskStatusExecution] [cap-library-app-db-deployer] a965f167-0f30-44f4-af38-2c4b2754f0b6 [2023-05-15T11:05:15.604806] Disabling table replication for the container schema "6793E334BDAB4554B794DBF8CCB78A56"... ok  (0s 10ms) (STDOUT, APP/TASK/deploy)#

#2.0#2023 05 15 11:05:20.882#Z#DEBUG#com.sap.cloud.lm.sl.xs2.41412d7f-f310-11ed-8522-eeee0a9522a0.cap-library-app-db-deployer.executeTaskTask#
######org.cloudfoundry.multiapps.controller.persistence.services.ProcessLogger########flowable-async-job-executor-thread-7015###
[PollExecuteTaskStatusExecution] [cap-library-app-db-deployer] a965f167-0f30-44f4-af38-2c4b2754f0b6 [2023-05-15T11:05:15.604809] Migrating libraries... (STDOUT, APP/TASK/deploy)#

#2.0#2023 05 15 11:05:20.882#Z#DEBUG#com.sap.cloud.lm.sl.xs2.41412d7f-f310-11ed-8522-eeee0a9522a0.cap-library-app-db-deployer.executeTaskTask#
######org.cloudfoundry.multiapps.controller.persistence.services.ProcessLogger########flowable-async-job-executor-thread-7015###
[PollExecuteTaskStatusExecution] [cap-library-app-db-deployer] a965f167-0f30-44f4-af38-2c4b2754f0b6 [2023-05-15T11:05:15.604817] Migrating libraries... ok  (0s 20ms) (STDOUT, APP/TASK/deploy)#

#2.0#2023 05 15 11:05:20.882#Z#DEBUG#com.sap.cloud.lm.sl.xs2.41412d7f-f310-11ed-8522-eeee0a9522a0.cap-library-app-db-deployer.executeTaskTask#
######org.cloudfoundry.multiapps.controller.persistence.services.ProcessLogger########flowable-async-job-executor-thread-7015###
[PollExecuteTaskStatusExecution] [cap-library-app-db-deployer] a965f167-0f30-44f4-af38-2c4b2754f0b6 [2023-05-15T11:05:15.604818] Making... (STDOUT, APP/TASK/deploy)#

#2.0#2023 05 15 11:05:20.882#Z#DEBUG#com.sap.cloud.lm.sl.xs2.41412d7f-f310-11ed-8522-eeee0a9522a0.cap-library-app-db-deployer.executeTaskTask#
######org.cloudfoundry.multiapps.controller.persistence.services.ProcessLogger########flowable-async-job-executor-thread-7015###
[PollExecuteTaskStatusExecution] [cap-library-app-db-deployer] a965f167-0f30-44f4-af38-2c4b2754f0b6 [2023-05-15T11:05:15.604835] Preparing... (STDOUT, APP/TASK/deploy)#

#2.0#2023 05 15 11:05:20.882#Z#DEBUG#com.sap.cloud.lm.sl.xs2.41412d7f-f310-11ed-8522-eeee0a9522a0.cap-library-app-db-deployer.executeTaskTask#
######org.cloudfoundry.multiapps.controller.persistence.services.ProcessLogger########flowable-async-job-executor-thread-7015###
[PollExecuteTaskStatusExecution] [cap-library-app-db-deployer] a965f167-0f30-44f4-af38-2c4b2754f0b6 [2023-05-15T11:05:15.604837] Preparing... ok  (0s 0ms) (STDOUT, APP/TASK/deploy)#

#2.0#2023 05 15 11:05:20.882#Z#DEBUG#com.sap.cloud.lm.sl.xs2.41412d7f-f310-11ed-8522-eeee0a9522a0.cap-library-app-db-deployer.executeTaskTask#
######org.cloudfoundry.multiapps.controller.persistence.services.ProcessLogger########flowable-async-job-executor-thread-7015###
[PollExecuteTaskStatusExecution] [cap-library-app-db-deployer] a965f167-0f30-44f4-af38-2c4b2754f0b6 [2023-05-15T11:05:15.604846] No make necessary (STDOUT, APP/TASK/deploy)#

#2.0#2023 05 15 11:05:20.882#Z#DEBUG#com.sap.cloud.lm.sl.xs2.41412d7f-f310-11ed-8522-eeee0a9522a0.cap-library-app-db-deployer.executeTaskTask#
######org.cloudfoundry.multiapps.controller.persistence.services.ProcessLogger########flowable-async-job-executor-thread-7015###
[PollExecuteTaskStatusExecution] [cap-library-app-db-deployer] a965f167-0f30-44f4-af38-2c4b2754f0b6 [2023-05-15T11:05:15.604885] Making... ok  (0s 62ms) (STDOUT, APP/TASK/deploy)#

#2.0#2023 05 15 11:05:20.882#Z#DEBUG#com.sap.cloud.lm.sl.xs2.41412d7f-f310-11ed-8522-eeee0a9522a0.cap-library-app-db-deployer.executeTaskTask#
######org.cloudfoundry.multiapps.controller.persistence.services.ProcessLogger########flowable-async-job-executor-thread-7015###
[PollExecuteTaskStatusExecution] [cap-library-app-db-deployer] a965f167-0f30-44f4-af38-2c4b2754f0b6 [2023-05-15T11:05:15.604892] Enabling table replication for the container schema "6793E334BDAB4554B794DBF8CCB78A56"... (STDOUT, APP/TASK/deploy)#

#2.0#2023 05 15 11:05:20.882#Z#DEBUG#com.sap.cloud.lm.sl.xs2.41412d7f-f310-11ed-8522-eeee0a9522a0.cap-library-app-db-deployer.executeTaskTask#
######org.cloudfoundry.multiapps.controller.persistence.services.ProcessLogger########flowable-async-job-executor-thread-7015###
[PollExecuteTaskStatusExecution] [cap-library-app-db-deployer] a965f167-0f30-44f4-af38-2c4b2754f0b6 [2023-05-15T11:05:15.604894] Enabling table replication for the container schema "6793E334BDAB4554B794DBF8CCB78A56"... ok  (0s 10ms) (STDOUT, APP/TASK/deploy)#

#2.0#2023 05 15 11:05:20.882#Z#DEBUG#com.sap.cloud.lm.sl.xs2.41412d7f-f310-11ed-8522-eeee0a9522a0.cap-library-app-db-deployer.executeTaskTask#
######org.cloudfoundry.multiapps.controller.persistence.services.ProcessLogger########flowable-async-job-executor-thread-7015###
[PollExecuteTaskStatusExecution] [cap-library-app-db-deployer] a965f167-0f30-44f4-af38-2c4b2754f0b6 [2023-05-15T11:05:15.604930] Starting make in the container "6793E334BDAB4554B794DBF8CCB78A56" with 0 files to deploy, 0 files to undeploy... ok  (0s 110ms) (STDOUT, APP/TASK/deploy)#

#2.0#2023 05 15 11:05:20.882#Z#DEBUG#com.sap.cloud.lm.sl.xs2.41412d7f-f310-11ed-8522-eeee0a9522a0.cap-library-app-db-deployer.executeTaskTask#
######org.cloudfoundry.multiapps.controller.persistence.services.ProcessLogger########flowable-async-job-executor-thread-7015###
[PollExecuteTaskStatusExecution] [cap-library-app-db-deployer] a965f167-0f30-44f4-af38-2c4b2754f0b6 [2023-05-15T11:05:15.605210] Deploying to the container "6793E334BDAB4554B794DBF8CCB78A56"... ok (0s 327ms) (STDOUT, APP/TASK/deploy)#

#2.0#2023 05 15 11:05:20.882#Z#DEBUG#com.sap.cloud.lm.sl.xs2.41412d7f-f310-11ed-8522-eeee0a9522a0.cap-library-app-db-deployer.executeTaskTask#
######org.cloudfoundry.multiapps.controller.persistence.services.ProcessLogger########flowable-async-job-executor-thread-7015###
[PollExecuteTaskStatusExecution] [cap-library-app-db-deployer] a965f167-0f30-44f4-af38-2c4b2754f0b6 [2023-05-15T11:05:15.605573] No default-access-role handling needed; global role "6793E334BDAB4554B794DBF8CCB78A56::access_role" will not be adapted (STDOUT, APP/TASK/deploy)#

#2.0#2023 05 15 11:05:20.882#Z#DEBUG#com.sap.cloud.lm.sl.xs2.41412d7f-f310-11ed-8522-eeee0a9522a0.cap-library-app-db-deployer.executeTaskTask#
######org.cloudfoundry.multiapps.controller.persistence.services.ProcessLogger########flowable-async-job-executor-thread-7015###
[PollExecuteTaskStatusExecution] [cap-library-app-db-deployer] a965f167-0f30-44f4-af38-2c4b2754f0b6 [2023-05-15T11:05:15.605736] Unlocking the container "6793E334BDAB4554B794DBF8CCB78A56"... (STDOUT, APP/TASK/deploy)#

#2.0#2023 05 15 11:05:20.882#Z#DEBUG#com.sap.cloud.lm.sl.xs2.41412d7f-f310-11ed-8522-eeee0a9522a0.cap-library-app-db-deployer.executeTaskTask#
######org.cloudfoundry.multiapps.controller.persistence.services.ProcessLogger########flowable-async-job-executor-thread-7015###
[PollExecuteTaskStatusExecution] [cap-library-app-db-deployer] a965f167-0f30-44f4-af38-2c4b2754f0b6 [2023-05-15T11:05:15.606148] Unlocking the container "6793E334BDAB4554B794DBF8CCB78A56"... ok (0s 0ms) (STDOUT, APP/TASK/deploy)#

#2.0#2023 05 15 11:05:20.882#Z#DEBUG#com.sap.cloud.lm.sl.xs2.41412d7f-f310-11ed-8522-eeee0a9522a0.cap-library-app-db-deployer.executeTaskTask#
######org.cloudfoundry.multiapps.controller.persistence.services.ProcessLogger########flowable-async-job-executor-thread-7015###
[PollExecuteTaskStatusExecution] [cap-library-app-db-deployer] a965f167-0f30-44f4-af38-2c4b2754f0b6 [2023-05-15T11:05:15.606232] Deployment to container 6793E334BDAB4554B794DBF8CCB78A56 done [Deployment ID: none]. (STDOUT, APP/TASK/deploy)#

#2.0#2023 05 15 11:05:20.882#Z#DEBUG#com.sap.cloud.lm.sl.xs2.41412d7f-f310-11ed-8522-eeee0a9522a0.cap-library-app-db-deployer.executeTaskTask#
######org.cloudfoundry.multiapps.controller.persistence.services.ProcessLogger########flowable-async-job-executor-thread-7015###
[PollExecuteTaskStatusExecution] [cap-library-app-db-deployer] a965f167-0f30-44f4-af38-2c4b2754f0b6 [2023-05-15T11:05:15.606803] Deployment ended at 2023-05-15 11:05:15 (STDOUT, APP/TASK/deploy)#

#2.0#2023 05 15 11:05:20.882#Z#DEBUG#com.sap.cloud.lm.sl.xs2.41412d7f-f310-11ed-8522-eeee0a9522a0.cap-library-app-db-deployer.executeTaskTask#
######org.cloudfoundry.multiapps.controller.persistence.services.ProcessLogger########flowable-async-job-executor-thread-7015###
[PollExecuteTaskStatusExecution] [cap-library-app-db-deployer] a965f167-0f30-44f4-af38-2c4b2754f0b6 [2023-05-15T11:05:15.606979] (4s 391ms) (STDOUT, APP/TASK/deploy)#

#2.0#2023 05 15 11:05:20.882#Z#DEBUG#com.sap.cloud.lm.sl.xs2.41412d7f-f310-11ed-8522-eeee0a9522a0.cap-library-app-db-deployer.executeTaskTask#
######org.cloudfoundry.multiapps.controller.persistence.services.ProcessLogger########flowable-async-job-executor-thread-7015###
[PollExecuteTaskStatusExecution] [cap-library-app-db-deployer] a965f167-0f30-44f4-af38-2c4b2754f0b6 [2023-05-15T11:05:15.704478] npm notice (STDERR, APP/TASK/deploy)#

#2.0#2023 05 15 11:05:20.882#Z#DEBUG#com.sap.cloud.lm.sl.xs2.41412d7f-f310-11ed-8522-eeee0a9522a0.cap-library-app-db-deployer.executeTaskTask#
######org.cloudfoundry.multiapps.controller.persistence.services.ProcessLogger########flowable-async-job-executor-thread-7015###
[PollExecuteTaskStatusExecution] [cap-library-app-db-deployer] a965f167-0f30-44f4-af38-2c4b2754f0b6 [2023-05-15T11:05:15.704791] npm notice New major version of npm available! 8.19.3 -> 9.6.6 (STDERR, APP/TASK/deploy)#

#2.0#2023 05 15 11:05:20.882#Z#DEBUG#com.sap.cloud.lm.sl.xs2.41412d7f-f310-11ed-8522-eeee0a9522a0.cap-library-app-db-deployer.executeTaskTask#
######org.cloudfoundry.multiapps.controller.persistence.services.ProcessLogger########flowable-async-job-executor-thread-7015###
[PollExecuteTaskStatusExecution] [cap-library-app-db-deployer] a965f167-0f30-44f4-af38-2c4b2754f0b6 [2023-05-15T11:05:15.704992] npm notice Changelog: <https://github.com/npm/cli/releases/tag/v9.6.6> (STDERR, APP/TASK/deploy)#

#2.0#2023 05 15 11:05:20.882#Z#DEBUG#com.sap.cloud.lm.sl.xs2.41412d7f-f310-11ed-8522-eeee0a9522a0.cap-library-app-db-deployer.executeTaskTask#
######org.cloudfoundry.multiapps.controller.persistence.services.ProcessLogger########flowable-async-job-executor-thread-7015###
[PollExecuteTaskStatusExecution] [cap-library-app-db-deployer] a965f167-0f30-44f4-af38-2c4b2754f0b6 [2023-05-15T11:05:15.705027] npm notice Run `npm install -g npm@9.6.6` to update! (STDERR, APP/TASK/deploy)#

#2.0#2023 05 15 11:05:20.882#Z#DEBUG#com.sap.cloud.lm.sl.xs2.41412d7f-f310-11ed-8522-eeee0a9522a0.cap-library-app-db-deployer.executeTaskTask#
######org.cloudfoundry.multiapps.controller.persistence.services.ProcessLogger########flowable-async-job-executor-thread-7015###
[PollExecuteTaskStatusExecution] [cap-library-app-db-deployer] a965f167-0f30-44f4-af38-2c4b2754f0b6 [2023-05-15T11:05:15.705220] npm notice (STDERR, APP/TASK/deploy)#

#2.0#2023 05 15 11:05:20.882#Z#DEBUG#com.sap.cloud.lm.sl.xs2.41412d7f-f310-11ed-8522-eeee0a9522a0.cap-library-app-db-deployer.executeTaskTask#
######org.cloudfoundry.multiapps.controller.persistence.services.ProcessLogger########flowable-async-job-executor-thread-7015###
[PollExecuteTaskStatusExecution] [cap-library-app-db-deployer] a965f167-0f30-44f4-af38-2c4b2754f0b6 [2023-05-15T11:05:15.719722] Exit status 0 (STDOUT, APP/TASK/deploy)#

#2.0#2023 05 15 11:05:20.882#Z#DEBUG#com.sap.cloud.lm.sl.xs2.41412d7f-f310-11ed-8522-eeee0a9522a0.cap-library-app-db-deployer.executeTaskTask#
######org.cloudfoundry.multiapps.controller.persistence.services.ProcessLogger########flowable-async-job-executor-thread-7015###
[PollExecuteTaskStatusExecution] [cap-library-app-db-deployer] a965f167-0f30-44f4-af38-2c4b2754f0b6 [2023-05-15T11:05:16.209029] Cell e9aa27aa-5635-4e65-b14a-0ae5b04d7d5f stopping instance 85f289c0-a242-4e8f-9466-4367c3eb57f6 (STDOUT, CELL)#

#2.0#2023 05 15 11:05:20.882#Z#DEBUG#com.sap.cloud.lm.sl.xs2.41412d7f-f310-11ed-8522-eeee0a9522a0.cap-library-app-db-deployer.executeTaskTask#
######org.cloudfoundry.multiapps.controller.persistence.services.ProcessLogger########flowable-async-job-executor-thread-7015###
[PollExecuteTaskStatusExecution] [cap-library-app-db-deployer] a965f167-0f30-44f4-af38-2c4b2754f0b6 [2023-05-15T11:05:16.209054] Cell e9aa27aa-5635-4e65-b14a-0ae5b04d7d5f destroying container for instance 85f289c0-a242-4e8f-9466-4367c3eb57f6 (STDOUT, CELL)#

#2.0#2023 05 15 11:05:20.882#Z#DEBUG#com.sap.cloud.lm.sl.xs2.41412d7f-f310-11ed-8522-eeee0a9522a0.cap-library-app-db-deployer.executeTaskTask#
######org.cloudfoundry.multiapps.controller.persistence.services.ProcessLogger########flowable-async-job-executor-thread-7015###
[PollExecuteTaskStatusExecution] [cap-library-app-db-deployer] a965f167-0f30-44f4-af38-2c4b2754f0b6 [2023-05-15T11:05:19.253384] Cell e9aa27aa-5635-4e65-b14a-0ae5b04d7d5f successfully destroyed container for instance 85f289c0-a242-4e8f-9466-4367c3eb57f6 (STDOUT, CELL)#

